<!DOCTYPE html>
<html>
<head>
<meta http-equiv="Content-Type" content="text/html; charset=utf-8"/>
<meta http-equiv="x-ua-compatible" content="IE=edge"/>
<title>Test results - Class org.springframework.batch.integration.launch.JobLaunchingGatewayIntegrationTests</title>
<link href="../css/base-style.css" rel="stylesheet" type="text/css"/>
<link href="../css/style.css" rel="stylesheet" type="text/css"/>
<script src="../js/report.js" type="text/javascript"></script>
</head>
<body>
<div id="content">
<h1>Class org.springframework.batch.integration.launch.JobLaunchingGatewayIntegrationTests</h1>
<div class="breadcrumbs">
<a href="../index.html">all</a> &gt; 
<a href="../packages/org.springframework.batch.integration.launch.html">org.springframework.batch.integration.launch</a> &gt; JobLaunchingGatewayIntegrationTests</div>
<div id="summary">
<table>
<tr>
<td>
<div class="summaryGroup">
<table>
<tr>
<td>
<div class="infoBox" id="tests">
<div class="counter">4</div>
<p>tests</p>
</div>
</td>
<td>
<div class="infoBox" id="failures">
<div class="counter">0</div>
<p>failures</p>
</div>
</td>
<td>
<div class="infoBox" id="ignored">
<div class="counter">0</div>
<p>ignored</p>
</div>
</td>
<td>
<div class="infoBox" id="duration">
<div class="counter">2.091s</div>
<p>duration</p>
</div>
</td>
</tr>
</table>
</div>
</td>
<td>
<div class="infoBox success" id="successRate">
<div class="percent">100%</div>
<p>successful</p>
</div>
</td>
</tr>
</table>
</div>
<div id="tabs">
<ul class="tabLinks">
<li>
<a href="#tab0">Tests</a>
</li>
<li>
<a href="#tab1">Standard output</a>
</li>
</ul>
<div id="tab0" class="tab">
<h2>Tests</h2>
<table>
<thead>
<tr>
<th>Test</th>
<th>Duration</th>
<th>Result</th>
</tr>
</thead>
<tr>
<td class="success">testExceptionRaised</td>
<td>0.037s</td>
<td class="success">passed</td>
</tr>
<tr>
<td class="success">testNoReply</td>
<td>1.021s</td>
<td class="success">passed</td>
</tr>
<tr>
<td class="success">testReply</td>
<td>0.016s</td>
<td class="success">passed</td>
</tr>
<tr>
<td class="success">testWrongPayload</td>
<td>1.017s</td>
<td class="success">passed</td>
</tr>
</table>
</div>
<div id="tab1" class="tab">
<h2>Standard output</h2>
<span class="code">
<pre>2017-03-23 10:04:58,935  INFO Test worker [org.springframework.beans.factory.xml.XmlBeanDefinitionReader] - &lt;Loading XML bean definitions from class path resource [org/springframework/batch/integration/launch/JobLaunchingGatewayIntegrationTests-context.xml]&gt;
2017-03-23 10:04:58,972  INFO Test worker [org.springframework.beans.factory.xml.XmlBeanDefinitionReader] - &lt;Loading XML bean definitions from class path resource [simple-job-launcher-context.xml]&gt;
2017-03-23 10:04:58,985  INFO Test worker [org.springframework.integration.config.IntegrationRegistrar] - &lt;No bean named 'integrationHeaderChannelRegistry' has been explicitly defined. Therefore, a default DefaultHeaderChannelRegistry will be created.&gt;
2017-03-23 10:04:58,986 DEBUG Test worker [org.springframework.integration.config.IntegrationRegistrar] - &lt;The '#jsonPath' SpEL function cannot be registered: there is no jayway json-path.jar on the classpath.&gt;
2017-03-23 10:04:58,987 DEBUG Test worker [org.springframework.integration.config.IntegrationRegistrar] - &lt;SpEL function '#xpath' isn't registered: there is no spring-integration-xml.jar on the classpath.&gt;
2017-03-23 10:04:58,989  INFO Test worker [org.springframework.context.support.GenericApplicationContext] - &lt;Refreshing org.springframework.context.support.GenericApplicationContext@23dae6aa: startup date [Thu Mar 23 10:04:58 CDT 2017]; root of context hierarchy&gt;
2017-03-23 10:04:59,003  INFO Test worker [org.springframework.integration.config.DefaultConfiguringBeanFactoryPostProcessor] - &lt;No bean named 'errorChannel' has been explicitly defined. Therefore, a default PublishSubscribeChannel will be created.&gt;
2017-03-23 10:04:59,003  INFO Test worker [org.springframework.integration.config.DefaultConfiguringBeanFactoryPostProcessor] - &lt;No bean named 'taskScheduler' has been explicitly defined. Therefore, a default ThreadPoolTaskScheduler will be created.&gt;
2017-03-23 10:04:59,004  INFO Test worker [org.springframework.beans.factory.annotation.AutowiredAnnotationBeanPostProcessor] - &lt;JSR-330 'javax.inject.Inject' annotation found and supported for autowiring&gt;
2017-03-23 10:04:59,041  INFO Test worker [org.springframework.beans.factory.annotation.AutowiredAnnotationBeanPostProcessor] - &lt;JSR-330 'javax.inject.Inject' annotation found and supported for autowiring&gt;
2017-03-23 10:04:59,053  INFO Test worker [org.springframework.batch.core.launch.support.SimpleJobLauncher] - &lt;No TaskExecutor has been set, defaulting to synchronous executor.&gt;
2017-03-23 10:04:59,212  INFO Test worker [org.springframework.beans.factory.annotation.AutowiredAnnotationBeanPostProcessor] - &lt;JSR-330 'javax.inject.Inject' annotation found and supported for autowiring&gt;
2017-03-23 10:04:59,250 DEBUG Test worker [org.springframework.integration.config.GlobalChannelInterceptorProcessor] - &lt;No global channel interceptors.&gt;
2017-03-23 10:04:59,286 DEBUG task-scheduler-2 [org.springframework.integration.endpoint.PollingConsumer] - &lt;Received no Message during the poll, returning 'false'&gt;
2017-03-23 10:04:59,300  INFO Test worker [org.springframework.context.support.DefaultLifecycleProcessor] - &lt;Starting beans in phase 0&gt;
2017-03-23 10:04:59,300  INFO Test worker [org.springframework.integration.endpoint.EventDrivenConsumer] - &lt;Adding {message-handler} as a subscriber to the 'requests' channel&gt;
2017-03-23 10:04:59,300  INFO Test worker [org.springframework.integration.channel.DirectChannel] - &lt;Channel 'org.springframework.context.support.GenericApplicationContext@23dae6aa.requests' has 1 subscriber(s).&gt;
2017-03-23 10:04:59,300  INFO Test worker [org.springframework.integration.endpoint.EventDrivenConsumer] - &lt;started org.springframework.integration.config.ConsumerEndpointFactoryBean#0&gt;
2017-03-23 10:04:59,300  INFO Test worker [org.springframework.integration.endpoint.EventDrivenConsumer] - &lt;Adding {logging-channel-adapter:_org.springframework.integration.errorLogger} as a subscriber to the 'errorChannel' channel&gt;
2017-03-23 10:04:59,300  INFO Test worker [org.springframework.integration.channel.PublishSubscribeChannel] - &lt;Channel 'org.springframework.context.support.GenericApplicationContext@23dae6aa.errorChannel' has 1 subscriber(s).&gt;
2017-03-23 10:04:59,300  INFO Test worker [org.springframework.integration.endpoint.EventDrivenConsumer] - &lt;started _org.springframework.integration.errorLogger&gt;
2017-03-23 10:04:59,321 DEBUG Test worker [org.springframework.integration.channel.DirectChannel] - &lt;preSend on channel 'requests', message: GenericMessage [payload=JobLaunchRequest: testJob, parameters={dontclash=12}, headers={replyChannel=response, id=a1e3dbe7-7346-f55e-9523-d4cd2fb7ced3, timestamp=1490281499320}]&gt;
2017-03-23 10:04:59,321 DEBUG Test worker [org.springframework.batch.integration.launch.JobLaunchingGateway] - &lt;org.springframework.batch.integration.launch.JobLaunchingGateway#0 received message: GenericMessage [payload=JobLaunchRequest: testJob, parameters={dontclash=12}, headers={replyChannel=response, id=a1e3dbe7-7346-f55e-9523-d4cd2fb7ced3, timestamp=1490281499320}]&gt;
2017-03-23 10:04:59,323  INFO Test worker [org.springframework.batch.core.launch.support.SimpleJobLauncher] - &lt;Job: [SimpleJob: [name=testJob]] launched with the following parameters: [{dontclash=12}]&gt;
2017-03-23 10:04:59,323 DEBUG Test worker [org.springframework.batch.core.job.AbstractJob] - &lt;Job execution starting: JobExecution: id=0, version=0, startTime=null, endTime=null, lastUpdated=Thu Mar 23 10:04:59 CDT 2017, status=STARTING, exitStatus=exitCode=UNKNOWN;exitDescription=, job=[JobInstance: id=0, version=0, Job=[testJob]], jobParameters=[{dontclash=12}]&gt;
2017-03-23 10:04:59,328  INFO Test worker [org.springframework.batch.core.job.SimpleStepHandler] - &lt;Executing step: [step]&gt;
2017-03-23 10:04:59,328 DEBUG Test worker [org.springframework.batch.core.step.AbstractStep] - &lt;Executing: id=1&gt;
2017-03-23 10:04:59,330 DEBUG Test worker [org.springframework.batch.core.scope.context.StepContextRepeatCallback] - &lt;Preparing chunk execution for StepContext: org.springframework.batch.core.scope.context.StepContext@5dd6ff85&gt;
2017-03-23 10:04:59,330 DEBUG Test worker [org.springframework.batch.core.scope.context.StepContextRepeatCallback] - &lt;Chunk execution starting: queue size=0&gt;
2017-03-23 10:04:59,330 DEBUG Test worker [org.springframework.batch.core.step.tasklet.TaskletStep] - &lt;Applying contribution: [StepContribution: read=0, written=0, filtered=0, readSkips=0, writeSkips=0, processSkips=0, exitStatus=EXECUTING]&gt;
2017-03-23 10:04:59,330 DEBUG Test worker [org.springframework.batch.core.step.tasklet.TaskletStep] - &lt;Rollback for RuntimeException: java.lang.IllegalStateException: Planned Tasklet failure&gt;
2017-03-23 10:04:59,331 ERROR Test worker [org.springframework.batch.core.step.AbstractStep] - &lt;Encountered an error executing step step in job testJob&gt;
java.lang.IllegalStateException: Planned Tasklet failure
	at org.springframework.batch.integration.step.TestTasklet.execute(TestTasklet.java:37)
	at org.springframework.batch.core.step.tasklet.TaskletStep$ChunkTransactionCallback.doInTransaction(TaskletStep.java:406)
	at org.springframework.batch.core.step.tasklet.TaskletStep$ChunkTransactionCallback.doInTransaction(TaskletStep.java:330)
	at org.springframework.transaction.support.TransactionTemplate.execute(TransactionTemplate.java:133)
	at org.springframework.batch.core.step.tasklet.TaskletStep$2.doInChunkContext(TaskletStep.java:272)
	at org.springframework.batch.core.scope.context.StepContextRepeatCallback.doInIteration(StepContextRepeatCallback.java:81)
	at org.springframework.batch.repeat.support.RepeatTemplate.getNextResult(RepeatTemplate.java:374)
	at org.springframework.batch.repeat.support.RepeatTemplate.executeInternal(RepeatTemplate.java:215)
	at org.springframework.batch.repeat.support.RepeatTemplate.iterate(RepeatTemplate.java:144)
	at org.springframework.batch.core.step.tasklet.TaskletStep.doExecute(TaskletStep.java:257)
	at org.springframework.batch.core.step.AbstractStep.execute(AbstractStep.java:200)
	at org.springframework.batch.core.job.SimpleStepHandler.handleStep(SimpleStepHandler.java:148)
	at org.springframework.batch.core.job.AbstractJob.handleStep(AbstractJob.java:392)
	at org.springframework.batch.core.job.SimpleJob.doExecute(SimpleJob.java:135)
	at org.springframework.batch.core.job.AbstractJob.execute(AbstractJob.java:306)
	at org.springframework.batch.core.launch.support.SimpleJobLauncher$1.run(SimpleJobLauncher.java:141)
	at org.springframework.core.task.SyncTaskExecutor.execute(SyncTaskExecutor.java:50)
	at org.springframework.batch.core.launch.support.SimpleJobLauncher.run(SimpleJobLauncher.java:134)
	at org.springframework.batch.integration.launch.JobLaunchingMessageHandler.launch(JobLaunchingMessageHandler.java:50)
	at org.springframework.batch.integration.launch.JobLaunchingGateway.handleRequestMessage(JobLaunchingGateway.java:76)
	at org.springframework.integration.handler.AbstractReplyProducingMessageHandler.handleMessageInternal(AbstractReplyProducingMessageHandler.java:109)
	at org.springframework.integration.handler.AbstractMessageHandler.handleMessage(AbstractMessageHandler.java:133)
	at org.springframework.integration.dispatcher.AbstractDispatcher.tryOptimizedDispatch(AbstractDispatcher.java:116)
	at org.springframework.integration.dispatcher.UnicastingDispatcher.doDispatch(UnicastingDispatcher.java:132)
	at org.springframework.integration.dispatcher.UnicastingDispatcher.dispatch(UnicastingDispatcher.java:105)
	at org.springframework.integration.channel.AbstractSubscribableChannel.doSend(AbstractSubscribableChannel.java:73)
	at org.springframework.integration.channel.AbstractMessageChannel.send(AbstractMessageChannel.java:423)
	at org.springframework.integration.channel.AbstractMessageChannel.send(AbstractMessageChannel.java:373)
	at org.springframework.batch.integration.launch.JobLaunchingGatewayIntegrationTests.testExceptionRaised(JobLaunchingGatewayIntegrationTests.java:157)
	at sun.reflect.NativeMethodAccessorImpl.invoke0(Native Method)
	at sun.reflect.NativeMethodAccessorImpl.invoke(NativeMethodAccessorImpl.java:62)
	at sun.reflect.DelegatingMethodAccessorImpl.invoke(DelegatingMethodAccessorImpl.java:43)
	at java.lang.reflect.Method.invoke(Method.java:483)
	at org.junit.runners.model.FrameworkMethod$1.runReflectiveCall(FrameworkMethod.java:50)
	at org.junit.internal.runners.model.ReflectiveCallable.run(ReflectiveCallable.java:12)
	at org.junit.runners.model.FrameworkMethod.invokeExplosively(FrameworkMethod.java:47)
	at org.junit.internal.runners.statements.InvokeMethod.evaluate(InvokeMethod.java:17)
	at org.springframework.test.context.junit4.statements.RunBeforeTestExecutionCallbacks.evaluate(RunBeforeTestExecutionCallbacks.java:73)
	at org.springframework.test.context.junit4.statements.RunAfterTestExecutionCallbacks.evaluate(RunAfterTestExecutionCallbacks.java:83)
	at org.junit.internal.runners.statements.RunBefores.evaluate(RunBefores.java:26)
	at org.springframework.test.context.junit4.statements.RunBeforeTestMethodCallbacks.evaluate(RunBeforeTestMethodCallbacks.java:75)
	at org.springframework.test.context.junit4.statements.RunAfterTestMethodCallbacks.evaluate(RunAfterTestMethodCallbacks.java:86)
	at org.springframework.test.context.junit4.statements.SpringRepeat.evaluate(SpringRepeat.java:84)
	at org.junit.runners.ParentRunner.runLeaf(ParentRunner.java:325)
	at org.springframework.test.context.junit4.SpringJUnit4ClassRunner.runChild(SpringJUnit4ClassRunner.java:250)
	at org.springframework.test.context.junit4.SpringJUnit4ClassRunner.runChild(SpringJUnit4ClassRunner.java:97)
	at org.junit.runners.ParentRunner$3.run(ParentRunner.java:290)
	at org.junit.runners.ParentRunner$1.schedule(ParentRunner.java:71)
	at org.junit.runners.ParentRunner.runChildren(ParentRunner.java:288)
	at org.junit.runners.ParentRunner.access$000(ParentRunner.java:58)
	at org.junit.runners.ParentRunner$2.evaluate(ParentRunner.java:268)
	at org.springframework.test.context.junit4.statements.RunBeforeTestClassCallbacks.evaluate(RunBeforeTestClassCallbacks.java:61)
	at org.springframework.test.context.junit4.statements.RunAfterTestClassCallbacks.evaluate(RunAfterTestClassCallbacks.java:70)
	at org.junit.runners.ParentRunner.run(ParentRunner.java:363)
	at org.springframework.test.context.junit4.SpringJUnit4ClassRunner.run(SpringJUnit4ClassRunner.java:189)
	at org.gradle.api.internal.tasks.testing.junit.JUnitTestClassExecuter.runTestClass(JUnitTestClassExecuter.java:114)
	at org.gradle.api.internal.tasks.testing.junit.JUnitTestClassExecuter.execute(JUnitTestClassExecuter.java:57)
	at org.gradle.api.internal.tasks.testing.junit.JUnitTestClassProcessor.processTestClass(JUnitTestClassProcessor.java:66)
	at org.gradle.api.internal.tasks.testing.SuiteTestClassProcessor.processTestClass(SuiteTestClassProcessor.java:51)
	at sun.reflect.GeneratedMethodAccessor77.invoke(Unknown Source)
	at sun.reflect.DelegatingMethodAccessorImpl.invoke(DelegatingMethodAccessorImpl.java:43)
	at java.lang.reflect.Method.invoke(Method.java:483)
	at org.gradle.internal.dispatch.ReflectionDispatch.dispatch(ReflectionDispatch.java:35)
	at org.gradle.internal.dispatch.ReflectionDispatch.dispatch(ReflectionDispatch.java:24)
	at org.gradle.internal.dispatch.ContextClassLoaderDispatch.dispatch(ContextClassLoaderDispatch.java:32)
	at org.gradle.internal.dispatch.ProxyDispatchAdapter$DispatchingInvocationHandler.invoke(ProxyDispatchAdapter.java:93)
	at com.sun.proxy.$Proxy3.processTestClass(Unknown Source)
	at org.gradle.api.internal.tasks.testing.worker.TestWorker.processTestClass(TestWorker.java:109)
	at sun.reflect.GeneratedMethodAccessor76.invoke(Unknown Source)
	at sun.reflect.DelegatingMethodAccessorImpl.invoke(DelegatingMethodAccessorImpl.java:43)
	at java.lang.reflect.Method.invoke(Method.java:483)
	at org.gradle.internal.dispatch.ReflectionDispatch.dispatch(ReflectionDispatch.java:35)
	at org.gradle.internal.dispatch.ReflectionDispatch.dispatch(ReflectionDispatch.java:24)
	at org.gradle.internal.remote.internal.hub.MessageHubBackedObjectConnection$DispatchWrapper.dispatch(MessageHubBackedObjectConnection.java:147)
	at org.gradle.internal.remote.internal.hub.MessageHubBackedObjectConnection$DispatchWrapper.dispatch(MessageHubBackedObjectConnection.java:129)
	at org.gradle.internal.remote.internal.hub.MessageHub$Handler.run(MessageHub.java:404)
	at org.gradle.internal.concurrent.ExecutorPolicy$CatchAndRecordFailures.onExecute(ExecutorPolicy.java:63)
	at org.gradle.internal.concurrent.StoppableExecutorImpl$1.run(StoppableExecutorImpl.java:46)
	at java.util.concurrent.ThreadPoolExecutor.runWorker(ThreadPoolExecutor.java:1142)
	at java.util.concurrent.ThreadPoolExecutor$Worker.run(ThreadPoolExecutor.java:617)
	at java.lang.Thread.run(Thread.java:745)
2017-03-23 10:04:59,334 DEBUG Test worker [org.springframework.batch.core.step.AbstractStep] - &lt;Step execution complete: StepExecution: id=1, version=2, name=step, status=FAILED, exitStatus=FAILED, readCount=0, filterCount=0, writeCount=0 readSkipCount=0, writeSkipCount=0, processSkipCount=0, commitCount=0, rollbackCount=1&gt;
2017-03-23 10:04:59,335 DEBUG Test worker [org.springframework.batch.core.job.AbstractJob] - &lt;Upgrading JobExecution status: StepExecution: id=1, version=2, name=step, status=FAILED, exitStatus=FAILED, readCount=0, filterCount=0, writeCount=0 readSkipCount=0, writeSkipCount=0, processSkipCount=0, commitCount=0, rollbackCount=1, exitDescription=java.lang.IllegalStateException: Planned Tasklet failure
	at org.springframework.batch.integration.step.TestTasklet.execute(TestTasklet.java:37)
	at org.springframework.batch.core.step.tasklet.TaskletStep$ChunkTransactionCallback.doInTransaction(TaskletStep.java:406)
	at org.springframework.batch.core.step.tasklet.TaskletStep$ChunkTransactionCallback.doInTransaction(TaskletStep.java:330)
	at org.springframework.transaction.support.TransactionTemplate.execute(TransactionTemplate.java:133)
	at org.springframework.batch.core.step.tasklet.TaskletStep$2.doInChunkContext(TaskletStep.java:272)
	at org.springframework.batch.core.scope.context.StepContextRepeatCallback.doInIteration(StepContextRepeatCallback.java:81)
	at org.springframework.batch.repeat.support.RepeatTemplate.getNextResult(RepeatTemplate.java:374)
	at org.springframework.batch.repeat.support.RepeatTemplate.executeInternal(RepeatTemplate.java:215)
	at org.springframework.batch.repeat.support.RepeatTemplate.iterate(RepeatTemplate.java:144)
	at org.springframework.batch.core.step.tasklet.TaskletStep.doExecute(TaskletStep.java:257)
	at org.springframework.batch.core.step.AbstractStep.execute(AbstractStep.java:200)
	at org.springframework.batch.core.job.SimpleStepHandler.handleStep(SimpleStepHandler.java:148)
	at org.springframework.batch.core.job.AbstractJob.handleStep(AbstractJob.java:392)
	at org.springframework.batch.core.job.SimpleJob.doExecute(SimpleJob.java:135)
	at org.springframework.batch.core.job.AbstractJob.execute(AbstractJob.java:306)
	at org.springframework.batch.core.launch.support.SimpleJobLauncher$1.run(SimpleJobLauncher.java:141)
	at org.springframework.core.task.SyncTaskExecutor.execute(SyncTaskExecutor.java:50)
	at org.springframework.batch.core.launch.support.SimpleJobLauncher.run(SimpleJobLauncher.java:134)
	at org.springframework.batch.integration.launch.JobLaunchingMessageHandler.launch(JobLaunchingMessageHandler.java:50)
	at org.springframework.batch.integration.launch.JobLaunchingGateway.handleRequestMessage(JobLaunchingGateway.java:76)
	at org.springframework.integration.handler.AbstractReplyProducingMessageHandler.handleMessageInternal(AbstractReplyProducingMessageHandler.java:109)
	at org.springframework.integration.handler.AbstractMessageHandler.handleMessage(AbstractMessageHandler.java:133)
	at org.springframework.integration.dispatcher.AbstractDispatcher.tryOptimizedDispatch(AbstractDispatcher.java:116)
	at org.springframework.integration.dispatcher.UnicastingDispatcher.doDispatch(UnicastingDispatcher.java:132)
	at org.springframework.integration.dispatcher.UnicastingDispatcher.dispatch(UnicastingDispatcher.java:105)
	at org.springframework.integration.channel.AbstractSubscribableChannel.doSend(AbstractSubscribableChannel.java:73)
	at org.springframework.integration.channel.AbstractMessageChannel.send(AbstractMessageChannel.java:423)
	at org.springframework.integration.channel.AbstractMessageChannel.send(AbstractMessageChannel.java:373)
	at org.springframework.batch.integration.launch.JobLaunchingGatewayIntegrationTests.testExceptionRaised(JobLaunchingGatewayIntegrationTests.java:157)
	at sun.reflect.NativeMethodAccessorImpl.invoke0(Native Method)
	at sun.reflect.NativeMethodAccessorImpl.invoke(NativeMethodAccessorImpl.java:62)
	at sun.reflect.DelegatingMethodAccessorImpl.invoke(DelegatingMethodAccessorImpl.java:43)
	at java.lang.reflect.Method.invoke(Method.java:483)
	at org.junit.runners.model.FrameworkMethod$1.runReflectiveCall(FrameworkMethod.java:50)
	at org.junit.internal.runners.model.ReflectiveCallable.run(ReflectiveCallable.java:12)
	at org.junit.runners.model.FrameworkMethod.invokeExplosively(FrameworkMethod.java:47)
	at org.junit.internal.runners.statements.InvokeMethod.evaluate(InvokeMethod.java:17)
	at org.springframework.test.context.junit4.statements.RunBeforeTestExecutionCallbacks.evaluate(RunBeforeTestExecutionCallbacks.java:73)
	at org.springframework.test.context.junit4.statements.RunAfterTestExecutionCallbacks.evaluate(RunAfterTestExecutionCallbacks.java:83)
	at org.junit.internal.runners.statements.RunBefores.evaluate(RunBefores.java:26)
	at org.springframework.test.context.junit4.statements.RunBeforeTestMethodCallbacks.evaluate(RunBeforeTestMethodCallbacks.java:75)
	at org.springframework.test.context.junit4.statements.RunAfterTestMethodCallbacks.evaluate(RunAfterTestMethodCallbacks.java:86)
	at org.springframework.test.context.junit4.statements.SpringRepeat.evaluate(SpringRepeat.java:84)
	at org.junit.runners.ParentRunner.runLeaf(ParentRunner.java:325)
	at org.springframework.test.context.junit4.SpringJUnit4ClassRunner.runChild(SpringJUnit4ClassRunner.java:250)
	at org.springframework.test.context.junit4.SpringJUnit4ClassRunner.runChild(SpringJUnit4ClassRunner.java:97)
	at org.junit.runners.ParentRunner$3.run(ParentRunner.java:290)
	at org.junit.runners.ParentRunner$1.schedule(ParentRunner.java:71)
	at org.junit.runners.ParentRunner.runChildren(ParentRunner.java:288)
	at org.junit.runners.ParentRunner.access$000(ParentRunner.java:58)
	at org.junit.runners.ParentRunner$2.evaluate(ParentRunner.java:268)
	at org.springframework.test.context.junit4.statements.RunBeforeTestClassCallbacks.evaluate(RunBeforeTestClassCallbacks.java:61)
	at org.springframework.test.context.junit4.statements.RunAfterTestClassCallbacks.evaluate(RunAfterTestClassCallbacks.java:70)
	at org.junit.runners.ParentRunner.run(ParentRunner.java:363)
	at org.springframework.test.context.junit4.SpringJUnit4ClassRunner.run(SpringJUnit4ClassRunner.java:189)
	at org.gradle.api.internal.tasks.testing.junit.JUnitTestClassExecuter.runTestClass(JUnitTestClassExecuter.java:114)
	at org.gradle.api.internal.tasks.testing.junit.JUnitTestClassExecuter.execute(JUnitTestClassExecuter.java:57)
	at org.gradle.api.internal.tasks.testing.junit.JUnitTestClassProcessor.processTestClass(JUnitTestClassProcessor.java:66)
	at org.gradle.api.internal.tasks.testing.SuiteTestClassProcessor.processTestClass(SuiteTestClassProcessor.java:51)
	at sun.reflect.GeneratedMethodAccessor77.invoke(Unknown Source)
	at sun.reflect.DelegatingMethodAccessorImpl.invoke(DelegatingMethodAccessorImpl.java:43)
	at java.lang.reflect.Method.invoke(Method.java:483)
	at org.gradle.internal.dispatch.ReflectionDispatch.dispatch(ReflectionDispatch.java:35)
	at org.gradle.internal.dispatch.ReflectionDispatch.dispatch(ReflectionDispatch.java:24)
	at org.gradle.internal.dispatch.ContextClassLoaderDispatch.dispatch(ContextClassLoaderDispatch.java:32)
	at org.gradle.internal.dispatch.ProxyDispatchAdapter$DispatchingInvocationHandler.invoke(ProxyDispatchAdapter.java:93)
	at com.sun.proxy.$Proxy3.processTestClass(Unknown Source)
	at org.gradle.api.internal.tasks.testing.worker.TestWorker.processTestClass(TestWorker.java:109)
	at sun.reflect.GeneratedMethodAccessor76.invoke(Unknown Source)
	at sun.reflect.DelegatingMethodAccessorImpl.invoke(DelegatingMethodAccessorImpl.java:43)
	at java.lang.reflect.Method.invoke(Method.java:483)
	at org.gradle.internal.dispatch.ReflectionDispatch.dispatch(ReflectionDispatch.java:35)
	at org.gradle.internal.dispatch.ReflectionDispatch.dispatch(ReflectionDispatch.java:24)
	at org.gradle.internal.remote.internal.hub.MessageHubBackedObjectConnection$DispatchWrapper.dispatch(MessageHubBackedObjectConnection.java:147)
	at org.gradle.internal.remote.internal.hub.MessageHubBackedObjectConnection$DispatchWrapper.dispatch(MessageHubBackedObjectConnection.java:129)
	at org.gradle.internal.remote.internal.hub.MessageHub$Handler.run(MessageHub.java:404)
	at org.gradle.internal.concurrent.ExecutorPolicy$CatchAndRecordFailures.onExecute(ExecutorPolicy.java:63)
	at org.gradle.internal.concurrent.StoppableExecutorImpl$1.run(StoppableExecutorImpl.java:46)
	at java.util.concurrent.ThreadPoolExecutor.runWorker(ThreadPoolExecutor.java:1142)
	at java.util.concurrent.ThreadPoolExecutor$Worker.run(ThreadPoolExecutor.java:617)
	at java.lang.Thread.run(Thread.java:745)
&gt;
2017-03-23 10:04:59,336 DEBUG Test worker [org.springframework.batch.core.job.AbstractJob] - &lt;Job execution complete: JobExecution: id=0, version=1, startTime=Thu Mar 23 10:04:59 CDT 2017, endTime=null, lastUpdated=Thu Mar 23 10:04:59 CDT 2017, status=FAILED, exitStatus=exitCode=FAILED;exitDescription=java.lang.IllegalStateException: Planned Tasklet failure
	at org.springframework.batch.integration.step.TestTasklet.execute(TestTasklet.java:37)
	at org.springframework.batch.core.step.tasklet.TaskletStep$ChunkTransactionCallback.doInTransaction(TaskletStep.java:406)
	at org.springframework.batch.core.step.tasklet.TaskletStep$ChunkTransactionCallback.doInTransaction(TaskletStep.java:330)
	at org.springframework.transaction.support.TransactionTemplate.execute(TransactionTemplate.java:133)
	at org.springframework.batch.core.step.tasklet.TaskletStep$2.doInChunkContext(TaskletStep.java:272)
	at org.springframework.batch.core.scope.context.StepContextRepeatCallback.doInIteration(StepContextRepeatCallback.java:81)
	at org.springframework.batch.repeat.support.RepeatTemplate.getNextResult(RepeatTemplate.java:374)
	at org.springframework.batch.repeat.support.RepeatTemplate.executeInternal(RepeatTemplate.java:215)
	at org.springframework.batch.repeat.support.RepeatTemplate.iterate(RepeatTemplate.java:144)
	at org.springframework.batch.core.step.tasklet.TaskletStep.doExecute(TaskletStep.java:257)
	at org.springframework.batch.core.step.AbstractStep.execute(AbstractStep.java:200)
	at org.springframework.batch.core.job.SimpleStepHandler.handleStep(SimpleStepHandler.java:148)
	at org.springframework.batch.core.job.AbstractJob.handleStep(AbstractJob.java:392)
	at org.springframework.batch.core.job.SimpleJob.doExecute(SimpleJob.java:135)
	at org.springframework.batch.core.job.AbstractJob.execute(AbstractJob.java:306)
	at org.springframework.batch.core.launch.support.SimpleJobLauncher$1.run(SimpleJobLauncher.java:141)
	at org.springframework.core.task.SyncTaskExecutor.execute(SyncTaskExecutor.java:50)
	at org.springframework.batch.core.launch.support.SimpleJobLauncher.run(SimpleJobLauncher.java:134)
	at org.springframework.batch.integration.launch.JobLaunchingMessageHandler.launch(JobLaunchingMessageHandler.java:50)
	at org.springframework.batch.integration.launch.JobLaunchingGateway.handleRequestMessage(JobLaunchingGateway.java:76)
	at org.springframework.integration.handler.AbstractReplyProducingMessageHandler.handleMessageInternal(AbstractReplyProducingMessageHandler.java:109)
	at org.springframework.integration.handler.AbstractMessageHandler.handleMessage(AbstractMessageHandler.java:133)
	at org.springframework.integration.dispatcher.AbstractDispatcher.tryOptimizedDispatch(AbstractDispatcher.java:116)
	at org.springframework.integration.dispatcher.UnicastingDispatcher.doDispatch(UnicastingDispatcher.java:132)
	at org.springframework.integration.dispatcher.UnicastingDispatcher.dispatch(UnicastingDispatcher.java:105)
	at org.springframework.integration.channel.AbstractSubscribableChannel.doSend(AbstractSubscribableChannel.java:73)
	at org.springframework.integration.channel.AbstractMessageChannel.send(AbstractMessageChannel.java:423)
	at org.springframework.integration.channel.AbstractMessageChannel.send(AbstractMessageChannel.java:373)
	at org.springframework.batch.integration.launch.JobLaunchingGatewayIntegrationTests.testExceptionRaised(JobLaunchingGatewayIntegrationTests.java:157)
	at sun.reflect.NativeMethodAccessorImpl.invoke0(Native Method)
	at sun.reflect.NativeMethodAccessorImpl.invoke(NativeMethodAccessorImpl.java:62)
	at sun.reflect.DelegatingMethodAccessorImpl.invoke(DelegatingMethodAccessorImpl.java:43)
	at java.lang.reflect.Method.invoke(Method.java:483)
	at org.junit.runners.model.FrameworkMethod$1.runReflectiveCall(FrameworkMethod.java:50)
	at org.junit.internal.runners.model.ReflectiveCallable.run(ReflectiveCallable.java:12)
	at org.junit.runners.model.FrameworkMethod.invokeExplosively(FrameworkMethod.java:47)
	at org.junit.internal.runners.statements.InvokeMethod.evaluate(InvokeMethod.java:17)
	at org.springframework.test.context.junit4.statements.RunBeforeTestExecutionCallbacks.evaluate(RunBeforeTestExecutionCallbacks.java:73)
	at org.springframework.test.context.junit4.statements.RunAfterTestExecutionCallbacks.evaluate(RunAfterTestExecutionCallbacks.java:83)
	at org.junit.internal.runners.statements.RunBefores.evaluate(RunBefores.java:26)
	at org.springframework.test.context.junit4.statements.RunBeforeTestMethodCallbacks.evaluate(RunBeforeTestMethodCallbacks.java:75)
	at org.springframework.test.context.junit4.statements.RunAfterTestMethodCallbacks.evaluate(RunAfterTestMethodCallbacks.java:86)
	at org.springframework.test.context.junit4.statements.SpringRepeat.evaluate(SpringRepeat.java:84)
	at org.junit.runners.ParentRunner.runLeaf(ParentRunner.java:325)
	at org.springframework.test.context.junit4.SpringJUnit4ClassRunner.runChild(SpringJUnit4ClassRunner.java:250)
	at org.springframework.test.context.junit4.SpringJUnit4ClassRunner.runChild(SpringJUnit4ClassRunner.java:97)
	at org.junit.runners.ParentRunner$3.run(ParentRunner.java:290)
	at org.junit.runners.ParentRunner$1.schedule(ParentRunner.java:71)
	at org.junit.runners.ParentRunner.runChildren(ParentRunner.java:288)
	at org.junit.runners.ParentRunner.access$000(ParentRunner.java:58)
	at org.junit.runners.ParentRunner$2.evaluate(ParentRunner.java:268)
	at org.springframework.test.context.junit4.statements.RunBeforeTestClassCallbacks.evaluate(RunBeforeTestClassCallbacks.java:61)
	at org.springframework.test.context.junit4.statements.RunAfterTestClassCallbacks.evaluate(RunAfterTestClassCallbacks.java:70)
	at org.junit.runners.ParentRunner.run(ParentRunner.java:363)
	at org.springframework.test.context.junit4.SpringJUnit4ClassRunner.run(SpringJUnit4ClassRunner.java:189)
	at org.gradle.api.internal.tasks.testing.junit.JUnitTestClassExecuter.runTestClass(JUnitTestClassExecuter.java:114)
	at org.gradle.api.internal.tasks.testing.junit.JUnitTestClassExecuter.execute(JUnitTestClassExecuter.java:57)
	at org.gradle.api.internal.tasks.testing.junit.JUnitTestClassProcessor.processTestClass(JUnitTestClassProcessor.java:66)
	at org.gradle.api.internal.tasks.testing.SuiteTestClassProcessor.processTestClass(SuiteTestClassProcessor.java:51)
	at sun.reflect.GeneratedMethodAccessor77.invoke(Unknown Source)
	at sun.reflect.DelegatingMethodAccessorImpl.invoke(DelegatingMethodAccessorImpl.java:43)
	at java.lang.reflect.Method.invoke(Method.java:483)
	at org.gradle.internal.dispatch.ReflectionDispatch.dispatch(ReflectionDispatch.java:35)
	at org.gradle.internal.dispatch.ReflectionDispatch.dispatch(ReflectionDispatch.java:24)
	at org.gradle.internal.dispatch.ContextClassLoaderDispatch.dispatch(ContextClassLoaderDispatch.java:32)
	at org.gradle.internal.dispatch.ProxyDispatchAdapter$DispatchingInvocationHandler.invoke(ProxyDispatchAdapter.java:93)
	at com.sun.proxy.$Proxy3.processTestClass(Unknown Source)
	at org.gradle.api.internal.tasks.testing.worker.TestWorker.processTestClass(TestWorker.java:109)
	at sun.reflect.GeneratedMethodAccessor76.invoke(Unknown Source)
	at sun.reflect.DelegatingMethodAccessorImpl.invoke(DelegatingMethodAccessorImpl.java:43)
	at java.lang.reflect.Method.invoke(Method.java:483)
	at org.gradle.internal.dispatch.ReflectionDispatch.dispatch(ReflectionDispatch.java:35)
	at org.gradle.internal.dispatch.ReflectionDispatch.dispatch(ReflectionDispatch.java:24)
	at org.gradle.internal.remote.internal.hub.MessageHubBackedObjectConnection$DispatchWrapper.dispatch(MessageHubBackedObjectConnection.java:147)
	at org.gradle.internal.remote.internal.hub.MessageHubBackedObjectConnection$DispatchWrapper.dispatch(MessageHubBackedObjectConnection.java:129)
	at org.gradle.internal.remote.internal.hub.MessageHub$Handler.run(MessageHub.java:404)
	at org.gradle.internal.concurrent.ExecutorPolicy$CatchAndRecordFailures.onExecute(ExecutorPolicy.java:63)
	at org.gradle.internal.concurrent.StoppableExecutorImpl$1.run(StoppableExecutorImpl.java:46)
	at java.util.concurrent.ThreadPoolExecutor.runWorker(ThreadPoolExecutor.java:1142)
	at java.util.concurrent.ThreadPoolExecutor$Worker.run(ThreadPoolExecutor.java:617)
	at java.lang.Thread.run(Thread.java:745)
, job=[JobInstance: id=0, version=0, Job=[testJob]], jobParameters=[{dontclash=12}]&gt;
2017-03-23 10:04:59,339  INFO Test worker [org.springframework.batch.core.launch.support.SimpleJobLauncher] - &lt;Job: [SimpleJob: [name=testJob]] completed with the following parameters: [{dontclash=12}] and the following status: [FAILED]&gt;
2017-03-23 10:04:59,340 DEBUG Test worker [org.springframework.integration.channel.QueueChannel] - &lt;preSend on channel 'response', message: GenericMessage [payload=JobExecution: id=0, version=2, startTime=Thu Mar 23 10:04:59 CDT 2017, endTime=Thu Mar 23 10:04:59 CDT 2017, lastUpdated=Thu Mar 23 10:04:59 CDT 2017, status=FAILED, exitStatus=exitCode=FAILED;exitDescription=java.lang.IllegalStateException: Planned Tasklet failure
	at org.springframework.batch.integration.step.TestTasklet.execute(TestTasklet.java:37)
	at org.springframework.batch.core.step.tasklet.TaskletStep$ChunkTransactionCallback.doInTransaction(TaskletStep.java:406)
	at org.springframework.batch.core.step.tasklet.TaskletStep$ChunkTransactionCallback.doInTransaction(TaskletStep.java:330)
	at org.springframework.transaction.support.TransactionTemplate.execute(TransactionTemplate.java:133)
	at org.springframework.batch.core.step.tasklet.TaskletStep$2.doInChunkContext(TaskletStep.java:272)
	at org.springframework.batch.core.scope.context.StepContextRepeatCallback.doInIteration(StepContextRepeatCallback.java:81)
	at org.springframework.batch.repeat.support.RepeatTemplate.getNextResult(RepeatTemplate.java:374)
	at org.springframework.batch.repeat.support.RepeatTemplate.executeInternal(RepeatTemplate.java:215)
	at org.springframework.batch.repeat.support.RepeatTemplate.iterate(RepeatTemplate.java:144)
	at org.springframework.batch.core.step.tasklet.TaskletStep.doExecute(TaskletStep.java:257)
	at org.springframework.batch.core.step.AbstractStep.execute(AbstractStep.java:200)
	at org.springframework.batch.core.job.SimpleStepHandler.handleStep(SimpleStepHandler.java:148)
	at org.springframework.batch.core.job.AbstractJob.handleStep(AbstractJob.java:392)
	at org.springframework.batch.core.job.SimpleJob.doExecute(SimpleJob.java:135)
	at org.springframework.batch.core.job.AbstractJob.execute(AbstractJob.java:306)
	at org.springframework.batch.core.launch.support.SimpleJobLauncher$1.run(SimpleJobLauncher.java:141)
	at org.springframework.core.task.SyncTaskExecutor.execute(SyncTaskExecutor.java:50)
	at org.springframework.batch.core.launch.support.SimpleJobLauncher.run(SimpleJobLauncher.java:134)
	at org.springframework.batch.integration.launch.JobLaunchingMessageHandler.launch(JobLaunchingMessageHandler.java:50)
	at org.springframework.batch.integration.launch.JobLaunchingGateway.handleRequestMessage(JobLaunchingGateway.java:76)
	at org.springframework.integration.handler.AbstractReplyProducingMessageHandler.handleMessageInternal(AbstractReplyProducingMessageHandler.java:109)
	at org.springframework.integration.handler.AbstractMessageHandler.handleMessage(AbstractMessageHandler.java:133)
	at org.springframework.integration.dispatcher.AbstractDispatcher.tryOptimizedDispatch(AbstractDispatcher.java:116)
	at org.springframework.integration.dispatcher.UnicastingDispatcher.doDispatch(UnicastingDispatcher.java:132)
	at org.springframework.integration.dispatcher.UnicastingDispatcher.dispatch(UnicastingDispatcher.java:105)
	at org.springframework.integration.channel.AbstractSubscribableChannel.doSend(AbstractSubscribableChannel.java:73)
	at org.springframework.integration.channel.AbstractMessageChannel.send(AbstractMessageChannel.java:423)
	at org.springframework.integration.channel.AbstractMessageChannel.send(AbstractMessageChannel.java:373)
	at org.springframework.batch.integration.launch.JobLaunchingGatewayIntegrationTests.testExceptionRaised(JobLaunchingGatewayIntegrationTests.java:157)
	at sun.reflect.NativeMethodAccessorImpl.invoke0(Native Method)
	at sun.reflect.NativeMethodAccessorImpl.invoke(NativeMethodAccessorImpl.java:62)
	at sun.reflect.DelegatingMethodAccessorImpl.invoke(DelegatingMethodAccessorImpl.java:43)
	at java.lang.reflect.Method.invoke(Method.java:483)
	at org.junit.runners.model.FrameworkMethod$1.runReflectiveCall(FrameworkMethod.java:50)
	at org.junit.internal.runners.model.ReflectiveCallable.run(ReflectiveCallable.java:12)
	at org.junit.runners.model.FrameworkMethod.invokeExplosively(FrameworkMethod.java:47)
	at org.junit.internal.runners.statements.InvokeMethod.evaluate(InvokeMethod.java:17)
	at org.springframework.test.context.junit4.statements.RunBeforeTestExecutionCallbacks.evaluate(RunBeforeTestExecutionCallbacks.java:73)
	at org.springframework.test.context.junit4.statements.RunAfterTestExecutionCallbacks.evaluate(RunAfterTestExecutionCallbacks.java:83)
	at org.junit.internal.runners.statements.RunBefores.evaluate(RunBefores.java:26)
	at org.springframework.test.context.junit4.statements.RunBeforeTestMethodCallbacks.evaluate(RunBeforeTestMethodCallbacks.java:75)
	at org.springframework.test.context.junit4.statements.RunAfterTestMethodCallbacks.evaluate(RunAfterTestMethodCallbacks.java:86)
	at org.springframework.test.context.junit4.statements.SpringRepeat.evaluate(SpringRepeat.java:84)
	at org.junit.runners.ParentRunner.runLeaf(ParentRunner.java:325)
	at org.springframework.test.context.junit4.SpringJUnit4ClassRunner.runChild(SpringJUnit4ClassRunner.java:250)
	at org.springframework.test.context.junit4.SpringJUnit4ClassRunner.runChild(SpringJUnit4ClassRunner.java:97)
	at org.junit.runners.ParentRunner$3.run(ParentRunner.java:290)
	at org.junit.runners.ParentRunner$1.schedule(ParentRunner.java:71)
	at org.junit.runners.ParentRunner.runChildren(ParentRunner.java:288)
	at org.junit.runners.ParentRunner.access$000(ParentRunner.java:58)
	at org.junit.runners.ParentRunner$2.evaluate(ParentRunner.java:268)
	at org.springframework.test.context.junit4.statements.RunBeforeTestClassCallbacks.evaluate(RunBeforeTestClassCallbacks.java:61)
	at org.springframework.test.context.junit4.statements.RunAfterTestClassCallbacks.evaluate(RunAfterTestClassCallbacks.java:70)
	at org.junit.runners.ParentRunner.run(ParentRunner.java:363)
	at org.springframework.test.context.junit4.SpringJUnit4ClassRunner.run(SpringJUnit4ClassRunner.java:189)
	at org.gradle.api.internal.tasks.testing.junit.JUnitTestClassExecuter.runTestClass(JUnitTestClassExecuter.java:114)
	at org.gradle.api.internal.tasks.testing.junit.JUnitTestClassExecuter.execute(JUnitTestClassExecuter.java:57)
	at org.gradle.api.internal.tasks.testing.junit.JUnitTestClassProcessor.processTestClass(JUnitTestClassProcessor.java:66)
	at org.gradle.api.internal.tasks.testing.SuiteTestClassProcessor.processTestClass(SuiteTestClassProcessor.java:51)
	at sun.reflect.GeneratedMethodAccessor77.invoke(Unknown Source)
	at sun.reflect.DelegatingMethodAccessorImpl.invoke(DelegatingMethodAccessorImpl.java:43)
	at java.lang.reflect.Method.invoke(Method.java:483)
	at org.gradle.internal.dispatch.ReflectionDispatch.dispatch(ReflectionDispatch.java:35)
	at org.gradle.internal.dispatch.ReflectionDispatch.dispatch(ReflectionDispatch.java:24)
	at org.gradle.internal.dispatch.ContextClassLoaderDispatch.dispatch(ContextClassLoaderDispatch.java:32)
	at org.gradle.internal.dispatch.ProxyDispatchAdapter$DispatchingInvocationHandler.invoke(ProxyDispatchAdapter.java:93)
	at com.sun.proxy.$Proxy3.processTestClass(Unknown Source)
	at org.gradle.api.internal.tasks.testing.worker.TestWorker.processTestClass(TestWorker.java:109)
	at sun.reflect.GeneratedMethodAccessor76.invoke(Unknown Source)
	at sun.reflect.DelegatingMethodAccessorImpl.invoke(DelegatingMethodAccessorImpl.java:43)
	at java.lang.reflect.Method.invoke(Method.java:483)
	at org.gradle.internal.dispatch.ReflectionDispatch.dispatch(ReflectionDispatch.java:35)
	at org.gradle.internal.dispatch.ReflectionDispatch.dispatch(ReflectionDispatch.java:24)
	at org.gradle.internal.remote.internal.hub.MessageHubBackedObjectConnection$DispatchWrapper.dispatch(MessageHubBackedObjectConnection.java:147)
	at org.gradle.internal.remote.internal.hub.MessageHubBackedObjectConnection$DispatchWrapper.dispatch(MessageHubBackedObjectConnection.java:129)
	at org.gradle.internal.remote.internal.hub.MessageHub$Handler.run(MessageHub.java:404)
	at org.gradle.internal.concurrent.ExecutorPolicy$CatchAndRecordFailures.onExecute(ExecutorPolicy.java:63)
	at org.gradle.internal.concurrent.StoppableExecutorImpl$1.run(StoppableExecutorImpl.java:46)
	at java.util.concurrent.ThreadPoolExecutor.runWorker(ThreadPoolExecutor.java:1142)
	at java.util.concurrent.ThreadPoolExecutor$Worker.run(ThreadPoolExecutor.java:617)
	at java.lang.Thread.run(Thread.java:745)
, job=[JobInstance: id=0, version=0, Job=[testJob]], jobParameters=[{dontclash=12}], headers={replyChannel=response, id=53a66d08-3c6a-38aa-f9da-6aa069f69a94, timestamp=1490281499339}]&gt;
2017-03-23 10:04:59,341 DEBUG Test worker [org.springframework.integration.channel.QueueChannel] - &lt;postSend (sent=true) on channel 'response', message: GenericMessage [payload=JobExecution: id=0, version=2, startTime=Thu Mar 23 10:04:59 CDT 2017, endTime=Thu Mar 23 10:04:59 CDT 2017, lastUpdated=Thu Mar 23 10:04:59 CDT 2017, status=FAILED, exitStatus=exitCode=FAILED;exitDescription=java.lang.IllegalStateException: Planned Tasklet failure
	at org.springframework.batch.integration.step.TestTasklet.execute(TestTasklet.java:37)
	at org.springframework.batch.core.step.tasklet.TaskletStep$ChunkTransactionCallback.doInTransaction(TaskletStep.java:406)
	at org.springframework.batch.core.step.tasklet.TaskletStep$ChunkTransactionCallback.doInTransaction(TaskletStep.java:330)
	at org.springframework.transaction.support.TransactionTemplate.execute(TransactionTemplate.java:133)
	at org.springframework.batch.core.step.tasklet.TaskletStep$2.doInChunkContext(TaskletStep.java:272)
	at org.springframework.batch.core.scope.context.StepContextRepeatCallback.doInIteration(StepContextRepeatCallback.java:81)
	at org.springframework.batch.repeat.support.RepeatTemplate.getNextResult(RepeatTemplate.java:374)
	at org.springframework.batch.repeat.support.RepeatTemplate.executeInternal(RepeatTemplate.java:215)
	at org.springframework.batch.repeat.support.RepeatTemplate.iterate(RepeatTemplate.java:144)
	at org.springframework.batch.core.step.tasklet.TaskletStep.doExecute(TaskletStep.java:257)
	at org.springframework.batch.core.step.AbstractStep.execute(AbstractStep.java:200)
	at org.springframework.batch.core.job.SimpleStepHandler.handleStep(SimpleStepHandler.java:148)
	at org.springframework.batch.core.job.AbstractJob.handleStep(AbstractJob.java:392)
	at org.springframework.batch.core.job.SimpleJob.doExecute(SimpleJob.java:135)
	at org.springframework.batch.core.job.AbstractJob.execute(AbstractJob.java:306)
	at org.springframework.batch.core.launch.support.SimpleJobLauncher$1.run(SimpleJobLauncher.java:141)
	at org.springframework.core.task.SyncTaskExecutor.execute(SyncTaskExecutor.java:50)
	at org.springframework.batch.core.launch.support.SimpleJobLauncher.run(SimpleJobLauncher.java:134)
	at org.springframework.batch.integration.launch.JobLaunchingMessageHandler.launch(JobLaunchingMessageHandler.java:50)
	at org.springframework.batch.integration.launch.JobLaunchingGateway.handleRequestMessage(JobLaunchingGateway.java:76)
	at org.springframework.integration.handler.AbstractReplyProducingMessageHandler.handleMessageInternal(AbstractReplyProducingMessageHandler.java:109)
	at org.springframework.integration.handler.AbstractMessageHandler.handleMessage(AbstractMessageHandler.java:133)
	at org.springframework.integration.dispatcher.AbstractDispatcher.tryOptimizedDispatch(AbstractDispatcher.java:116)
	at org.springframework.integration.dispatcher.UnicastingDispatcher.doDispatch(UnicastingDispatcher.java:132)
	at org.springframework.integration.dispatcher.UnicastingDispatcher.dispatch(UnicastingDispatcher.java:105)
	at org.springframework.integration.channel.AbstractSubscribableChannel.doSend(AbstractSubscribableChannel.java:73)
	at org.springframework.integration.channel.AbstractMessageChannel.send(AbstractMessageChannel.java:423)
	at org.springframework.integration.channel.AbstractMessageChannel.send(AbstractMessageChannel.java:373)
	at org.springframework.batch.integration.launch.JobLaunchingGatewayIntegrationTests.testExceptionRaised(JobLaunchingGatewayIntegrationTests.java:157)
	at sun.reflect.NativeMethodAccessorImpl.invoke0(Native Method)
	at sun.reflect.NativeMethodAccessorImpl.invoke(NativeMethodAccessorImpl.java:62)
	at sun.reflect.DelegatingMethodAccessorImpl.invoke(DelegatingMethodAccessorImpl.java:43)
	at java.lang.reflect.Method.invoke(Method.java:483)
	at org.junit.runners.model.FrameworkMethod$1.runReflectiveCall(FrameworkMethod.java:50)
	at org.junit.internal.runners.model.ReflectiveCallable.run(ReflectiveCallable.java:12)
	at org.junit.runners.model.FrameworkMethod.invokeExplosively(FrameworkMethod.java:47)
	at org.junit.internal.runners.statements.InvokeMethod.evaluate(InvokeMethod.java:17)
	at org.springframework.test.context.junit4.statements.RunBeforeTestExecutionCallbacks.evaluate(RunBeforeTestExecutionCallbacks.java:73)
	at org.springframework.test.context.junit4.statements.RunAfterTestExecutionCallbacks.evaluate(RunAfterTestExecutionCallbacks.java:83)
	at org.junit.internal.runners.statements.RunBefores.evaluate(RunBefores.java:26)
	at org.springframework.test.context.junit4.statements.RunBeforeTestMethodCallbacks.evaluate(RunBeforeTestMethodCallbacks.java:75)
	at org.springframework.test.context.junit4.statements.RunAfterTestMethodCallbacks.evaluate(RunAfterTestMethodCallbacks.java:86)
	at org.springframework.test.context.junit4.statements.SpringRepeat.evaluate(SpringRepeat.java:84)
	at org.junit.runners.ParentRunner.runLeaf(ParentRunner.java:325)
	at org.springframework.test.context.junit4.SpringJUnit4ClassRunner.runChild(SpringJUnit4ClassRunner.java:250)
	at org.springframework.test.context.junit4.SpringJUnit4ClassRunner.runChild(SpringJUnit4ClassRunner.java:97)
	at org.junit.runners.ParentRunner$3.run(ParentRunner.java:290)
	at org.junit.runners.ParentRunner$1.schedule(ParentRunner.java:71)
	at org.junit.runners.ParentRunner.runChildren(ParentRunner.java:288)
	at org.junit.runners.ParentRunner.access$000(ParentRunner.java:58)
	at org.junit.runners.ParentRunner$2.evaluate(ParentRunner.java:268)
	at org.springframework.test.context.junit4.statements.RunBeforeTestClassCallbacks.evaluate(RunBeforeTestClassCallbacks.java:61)
	at org.springframework.test.context.junit4.statements.RunAfterTestClassCallbacks.evaluate(RunAfterTestClassCallbacks.java:70)
	at org.junit.runners.ParentRunner.run(ParentRunner.java:363)
	at org.springframework.test.context.junit4.SpringJUnit4ClassRunner.run(SpringJUnit4ClassRunner.java:189)
	at org.gradle.api.internal.tasks.testing.junit.JUnitTestClassExecuter.runTestClass(JUnitTestClassExecuter.java:114)
	at org.gradle.api.internal.tasks.testing.junit.JUnitTestClassExecuter.execute(JUnitTestClassExecuter.java:57)
	at org.gradle.api.internal.tasks.testing.junit.JUnitTestClassProcessor.processTestClass(JUnitTestClassProcessor.java:66)
	at org.gradle.api.internal.tasks.testing.SuiteTestClassProcessor.processTestClass(SuiteTestClassProcessor.java:51)
	at sun.reflect.GeneratedMethodAccessor77.invoke(Unknown Source)
	at sun.reflect.DelegatingMethodAccessorImpl.invoke(DelegatingMethodAccessorImpl.java:43)
	at java.lang.reflect.Method.invoke(Method.java:483)
	at org.gradle.internal.dispatch.ReflectionDispatch.dispatch(ReflectionDispatch.java:35)
	at org.gradle.internal.dispatch.ReflectionDispatch.dispatch(ReflectionDispatch.java:24)
	at org.gradle.internal.dispatch.ContextClassLoaderDispatch.dispatch(ContextClassLoaderDispatch.java:32)
	at org.gradle.internal.dispatch.ProxyDispatchAdapter$DispatchingInvocationHandler.invoke(ProxyDispatchAdapter.java:93)
	at com.sun.proxy.$Proxy3.processTestClass(Unknown Source)
	at org.gradle.api.internal.tasks.testing.worker.TestWorker.processTestClass(TestWorker.java:109)
	at sun.reflect.GeneratedMethodAccessor76.invoke(Unknown Source)
	at sun.reflect.DelegatingMethodAccessorImpl.invoke(DelegatingMethodAccessorImpl.java:43)
	at java.lang.reflect.Method.invoke(Method.java:483)
	at org.gradle.internal.dispatch.ReflectionDispatch.dispatch(ReflectionDispatch.java:35)
	at org.gradle.internal.dispatch.ReflectionDispatch.dispatch(ReflectionDispatch.java:24)
	at org.gradle.internal.remote.internal.hub.MessageHubBackedObjectConnection$DispatchWrapper.dispatch(MessageHubBackedObjectConnection.java:147)
	at org.gradle.internal.remote.internal.hub.MessageHubBackedObjectConnection$DispatchWrapper.dispatch(MessageHubBackedObjectConnection.java:129)
	at org.gradle.internal.remote.internal.hub.MessageHub$Handler.run(MessageHub.java:404)
	at org.gradle.internal.concurrent.ExecutorPolicy$CatchAndRecordFailures.onExecute(ExecutorPolicy.java:63)
	at org.gradle.internal.concurrent.StoppableExecutorImpl$1.run(StoppableExecutorImpl.java:46)
	at java.util.concurrent.ThreadPoolExecutor.runWorker(ThreadPoolExecutor.java:1142)
	at java.util.concurrent.ThreadPoolExecutor$Worker.run(ThreadPoolExecutor.java:617)
	at java.lang.Thread.run(Thread.java:745)
, job=[JobInstance: id=0, version=0, Job=[testJob]], jobParameters=[{dontclash=12}], headers={replyChannel=response, id=53a66d08-3c6a-38aa-f9da-6aa069f69a94, timestamp=1490281499339}]&gt;
2017-03-23 10:04:59,341 DEBUG Test worker [org.springframework.integration.channel.DirectChannel] - &lt;postSend (sent=true) on channel 'requests', message: GenericMessage [payload=JobLaunchRequest: testJob, parameters={dontclash=12}, headers={replyChannel=response, id=a1e3dbe7-7346-f55e-9523-d4cd2fb7ced3, timestamp=1490281499320}]&gt;
2017-03-23 10:04:59,342 DEBUG Test worker [org.springframework.integration.channel.QueueChannel] - &lt;postReceive on channel 'response', message: GenericMessage [payload=JobExecution: id=0, version=2, startTime=Thu Mar 23 10:04:59 CDT 2017, endTime=Thu Mar 23 10:04:59 CDT 2017, lastUpdated=Thu Mar 23 10:04:59 CDT 2017, status=FAILED, exitStatus=exitCode=FAILED;exitDescription=java.lang.IllegalStateException: Planned Tasklet failure
	at org.springframework.batch.integration.step.TestTasklet.execute(TestTasklet.java:37)
	at org.springframework.batch.core.step.tasklet.TaskletStep$ChunkTransactionCallback.doInTransaction(TaskletStep.java:406)
	at org.springframework.batch.core.step.tasklet.TaskletStep$ChunkTransactionCallback.doInTransaction(TaskletStep.java:330)
	at org.springframework.transaction.support.TransactionTemplate.execute(TransactionTemplate.java:133)
	at org.springframework.batch.core.step.tasklet.TaskletStep$2.doInChunkContext(TaskletStep.java:272)
	at org.springframework.batch.core.scope.context.StepContextRepeatCallback.doInIteration(StepContextRepeatCallback.java:81)
	at org.springframework.batch.repeat.support.RepeatTemplate.getNextResult(RepeatTemplate.java:374)
	at org.springframework.batch.repeat.support.RepeatTemplate.executeInternal(RepeatTemplate.java:215)
	at org.springframework.batch.repeat.support.RepeatTemplate.iterate(RepeatTemplate.java:144)
	at org.springframework.batch.core.step.tasklet.TaskletStep.doExecute(TaskletStep.java:257)
	at org.springframework.batch.core.step.AbstractStep.execute(AbstractStep.java:200)
	at org.springframework.batch.core.job.SimpleStepHandler.handleStep(SimpleStepHandler.java:148)
	at org.springframework.batch.core.job.AbstractJob.handleStep(AbstractJob.java:392)
	at org.springframework.batch.core.job.SimpleJob.doExecute(SimpleJob.java:135)
	at org.springframework.batch.core.job.AbstractJob.execute(AbstractJob.java:306)
	at org.springframework.batch.core.launch.support.SimpleJobLauncher$1.run(SimpleJobLauncher.java:141)
	at org.springframework.core.task.SyncTaskExecutor.execute(SyncTaskExecutor.java:50)
	at org.springframework.batch.core.launch.support.SimpleJobLauncher.run(SimpleJobLauncher.java:134)
	at org.springframework.batch.integration.launch.JobLaunchingMessageHandler.launch(JobLaunchingMessageHandler.java:50)
	at org.springframework.batch.integration.launch.JobLaunchingGateway.handleRequestMessage(JobLaunchingGateway.java:76)
	at org.springframework.integration.handler.AbstractReplyProducingMessageHandler.handleMessageInternal(AbstractReplyProducingMessageHandler.java:109)
	at org.springframework.integration.handler.AbstractMessageHandler.handleMessage(AbstractMessageHandler.java:133)
	at org.springframework.integration.dispatcher.AbstractDispatcher.tryOptimizedDispatch(AbstractDispatcher.java:116)
	at org.springframework.integration.dispatcher.UnicastingDispatcher.doDispatch(UnicastingDispatcher.java:132)
	at org.springframework.integration.dispatcher.UnicastingDispatcher.dispatch(UnicastingDispatcher.java:105)
	at org.springframework.integration.channel.AbstractSubscribableChannel.doSend(AbstractSubscribableChannel.java:73)
	at org.springframework.integration.channel.AbstractMessageChannel.send(AbstractMessageChannel.java:423)
	at org.springframework.integration.channel.AbstractMessageChannel.send(AbstractMessageChannel.java:373)
	at org.springframework.batch.integration.launch.JobLaunchingGatewayIntegrationTests.testExceptionRaised(JobLaunchingGatewayIntegrationTests.java:157)
	at sun.reflect.NativeMethodAccessorImpl.invoke0(Native Method)
	at sun.reflect.NativeMethodAccessorImpl.invoke(NativeMethodAccessorImpl.java:62)
	at sun.reflect.DelegatingMethodAccessorImpl.invoke(DelegatingMethodAccessorImpl.java:43)
	at java.lang.reflect.Method.invoke(Method.java:483)
	at org.junit.runners.model.FrameworkMethod$1.runReflectiveCall(FrameworkMethod.java:50)
	at org.junit.internal.runners.model.ReflectiveCallable.run(ReflectiveCallable.java:12)
	at org.junit.runners.model.FrameworkMethod.invokeExplosively(FrameworkMethod.java:47)
	at org.junit.internal.runners.statements.InvokeMethod.evaluate(InvokeMethod.java:17)
	at org.springframework.test.context.junit4.statements.RunBeforeTestExecutionCallbacks.evaluate(RunBeforeTestExecutionCallbacks.java:73)
	at org.springframework.test.context.junit4.statements.RunAfterTestExecutionCallbacks.evaluate(RunAfterTestExecutionCallbacks.java:83)
	at org.junit.internal.runners.statements.RunBefores.evaluate(RunBefores.java:26)
	at org.springframework.test.context.junit4.statements.RunBeforeTestMethodCallbacks.evaluate(RunBeforeTestMethodCallbacks.java:75)
	at org.springframework.test.context.junit4.statements.RunAfterTestMethodCallbacks.evaluate(RunAfterTestMethodCallbacks.java:86)
	at org.springframework.test.context.junit4.statements.SpringRepeat.evaluate(SpringRepeat.java:84)
	at org.junit.runners.ParentRunner.runLeaf(ParentRunner.java:325)
	at org.springframework.test.context.junit4.SpringJUnit4ClassRunner.runChild(SpringJUnit4ClassRunner.java:250)
	at org.springframework.test.context.junit4.SpringJUnit4ClassRunner.runChild(SpringJUnit4ClassRunner.java:97)
	at org.junit.runners.ParentRunner$3.run(ParentRunner.java:290)
	at org.junit.runners.ParentRunner$1.schedule(ParentRunner.java:71)
	at org.junit.runners.ParentRunner.runChildren(ParentRunner.java:288)
	at org.junit.runners.ParentRunner.access$000(ParentRunner.java:58)
	at org.junit.runners.ParentRunner$2.evaluate(ParentRunner.java:268)
	at org.springframework.test.context.junit4.statements.RunBeforeTestClassCallbacks.evaluate(RunBeforeTestClassCallbacks.java:61)
	at org.springframework.test.context.junit4.statements.RunAfterTestClassCallbacks.evaluate(RunAfterTestClassCallbacks.java:70)
	at org.junit.runners.ParentRunner.run(ParentRunner.java:363)
	at org.springframework.test.context.junit4.SpringJUnit4ClassRunner.run(SpringJUnit4ClassRunner.java:189)
	at org.gradle.api.internal.tasks.testing.junit.JUnitTestClassExecuter.runTestClass(JUnitTestClassExecuter.java:114)
	at org.gradle.api.internal.tasks.testing.junit.JUnitTestClassExecuter.execute(JUnitTestClassExecuter.java:57)
	at org.gradle.api.internal.tasks.testing.junit.JUnitTestClassProcessor.processTestClass(JUnitTestClassProcessor.java:66)
	at org.gradle.api.internal.tasks.testing.SuiteTestClassProcessor.processTestClass(SuiteTestClassProcessor.java:51)
	at sun.reflect.GeneratedMethodAccessor77.invoke(Unknown Source)
	at sun.reflect.DelegatingMethodAccessorImpl.invoke(DelegatingMethodAccessorImpl.java:43)
	at java.lang.reflect.Method.invoke(Method.java:483)
	at org.gradle.internal.dispatch.ReflectionDispatch.dispatch(ReflectionDispatch.java:35)
	at org.gradle.internal.dispatch.ReflectionDispatch.dispatch(ReflectionDispatch.java:24)
	at org.gradle.internal.dispatch.ContextClassLoaderDispatch.dispatch(ContextClassLoaderDispatch.java:32)
	at org.gradle.internal.dispatch.ProxyDispatchAdapter$DispatchingInvocationHandler.invoke(ProxyDispatchAdapter.java:93)
	at com.sun.proxy.$Proxy3.processTestClass(Unknown Source)
	at org.gradle.api.internal.tasks.testing.worker.TestWorker.processTestClass(TestWorker.java:109)
	at sun.reflect.GeneratedMethodAccessor76.invoke(Unknown Source)
	at sun.reflect.DelegatingMethodAccessorImpl.invoke(DelegatingMethodAccessorImpl.java:43)
	at java.lang.reflect.Method.invoke(Method.java:483)
	at org.gradle.internal.dispatch.ReflectionDispatch.dispatch(ReflectionDispatch.java:35)
	at org.gradle.internal.dispatch.ReflectionDispatch.dispatch(ReflectionDispatch.java:24)
	at org.gradle.internal.remote.internal.hub.MessageHubBackedObjectConnection$DispatchWrapper.dispatch(MessageHubBackedObjectConnection.java:147)
	at org.gradle.internal.remote.internal.hub.MessageHubBackedObjectConnection$DispatchWrapper.dispatch(MessageHubBackedObjectConnection.java:129)
	at org.gradle.internal.remote.internal.hub.MessageHub$Handler.run(MessageHub.java:404)
	at org.gradle.internal.concurrent.ExecutorPolicy$CatchAndRecordFailures.onExecute(ExecutorPolicy.java:63)
	at org.gradle.internal.concurrent.StoppableExecutorImpl$1.run(StoppableExecutorImpl.java:46)
	at java.util.concurrent.ThreadPoolExecutor.runWorker(ThreadPoolExecutor.java:1142)
	at java.util.concurrent.ThreadPoolExecutor$Worker.run(ThreadPoolExecutor.java:617)
	at java.lang.Thread.run(Thread.java:745)
, job=[JobInstance: id=0, version=0, Job=[testJob]], jobParameters=[{dontclash=12}], headers={replyChannel=response, id=53a66d08-3c6a-38aa-f9da-6aa069f69a94, timestamp=1490281499339}]&gt;
2017-03-23 10:04:59,343  INFO Test worker [org.springframework.context.support.GenericApplicationContext] - &lt;Closing org.springframework.context.support.GenericApplicationContext@23dae6aa: startup date [Thu Mar 23 10:04:58 CDT 2017]; root of context hierarchy&gt;
2017-03-23 10:04:59,343  INFO Test worker [org.springframework.context.support.DefaultLifecycleProcessor] - &lt;Stopping beans in phase 0&gt;
2017-03-23 10:04:59,343  INFO Test worker [org.springframework.integration.endpoint.EventDrivenConsumer] - &lt;Removing {message-handler} as a subscriber to the 'requests' channel&gt;
2017-03-23 10:04:59,343  INFO Test worker [org.springframework.integration.channel.DirectChannel] - &lt;Channel 'org.springframework.context.support.GenericApplicationContext@23dae6aa.requests' has 0 subscriber(s).&gt;
2017-03-23 10:04:59,343  INFO Test worker [org.springframework.integration.endpoint.EventDrivenConsumer] - &lt;stopped org.springframework.integration.config.ConsumerEndpointFactoryBean#0&gt;
2017-03-23 10:04:59,343  INFO Test worker [org.springframework.integration.endpoint.EventDrivenConsumer] - &lt;Removing {logging-channel-adapter:_org.springframework.integration.errorLogger} as a subscriber to the 'errorChannel' channel&gt;
2017-03-23 10:04:59,344  INFO Test worker [org.springframework.integration.channel.PublishSubscribeChannel] - &lt;Channel 'org.springframework.context.support.GenericApplicationContext@23dae6aa.errorChannel' has 0 subscriber(s).&gt;
2017-03-23 10:04:59,344  INFO Test worker [org.springframework.integration.endpoint.EventDrivenConsumer] - &lt;stopped _org.springframework.integration.errorLogger&gt;
2017-03-23 10:04:59,344  INFO Test worker [org.springframework.beans.factory.xml.XmlBeanDefinitionReader] - &lt;Loading XML bean definitions from class path resource [org/springframework/batch/integration/launch/JobLaunchingGatewayIntegrationTests-context.xml]&gt;
2017-03-23 10:04:59,370  INFO Test worker [org.springframework.beans.factory.xml.XmlBeanDefinitionReader] - &lt;Loading XML bean definitions from class path resource [simple-job-launcher-context.xml]&gt;
2017-03-23 10:04:59,380  INFO Test worker [org.springframework.integration.config.IntegrationRegistrar] - &lt;No bean named 'integrationHeaderChannelRegistry' has been explicitly defined. Therefore, a default DefaultHeaderChannelRegistry will be created.&gt;
2017-03-23 10:04:59,381 DEBUG Test worker [org.springframework.integration.config.IntegrationRegistrar] - &lt;The '#jsonPath' SpEL function cannot be registered: there is no jayway json-path.jar on the classpath.&gt;
2017-03-23 10:04:59,382 DEBUG Test worker [org.springframework.integration.config.IntegrationRegistrar] - &lt;SpEL function '#xpath' isn't registered: there is no spring-integration-xml.jar on the classpath.&gt;
2017-03-23 10:04:59,383  INFO Test worker [org.springframework.context.support.GenericApplicationContext] - &lt;Refreshing org.springframework.context.support.GenericApplicationContext@79838430: startup date [Thu Mar 23 10:04:59 CDT 2017]; root of context hierarchy&gt;
2017-03-23 10:04:59,397  INFO Test worker [org.springframework.integration.config.DefaultConfiguringBeanFactoryPostProcessor] - &lt;No bean named 'errorChannel' has been explicitly defined. Therefore, a default PublishSubscribeChannel will be created.&gt;
2017-03-23 10:04:59,397  INFO Test worker [org.springframework.integration.config.DefaultConfiguringBeanFactoryPostProcessor] - &lt;No bean named 'taskScheduler' has been explicitly defined. Therefore, a default ThreadPoolTaskScheduler will be created.&gt;
2017-03-23 10:04:59,398  INFO Test worker [org.springframework.beans.factory.annotation.AutowiredAnnotationBeanPostProcessor] - &lt;JSR-330 'javax.inject.Inject' annotation found and supported for autowiring&gt;
2017-03-23 10:04:59,427  INFO Test worker [org.springframework.beans.factory.annotation.AutowiredAnnotationBeanPostProcessor] - &lt;JSR-330 'javax.inject.Inject' annotation found and supported for autowiring&gt;
2017-03-23 10:04:59,434  INFO Test worker [org.springframework.batch.core.launch.support.SimpleJobLauncher] - &lt;No TaskExecutor has been set, defaulting to synchronous executor.&gt;
2017-03-23 10:04:59,488 DEBUG task-scheduler-9 [org.springframework.integration.endpoint.PollingConsumer] - &lt;Received no Message during the poll, returning 'false'&gt;
2017-03-23 10:04:59,561  INFO Test worker [org.springframework.beans.factory.annotation.AutowiredAnnotationBeanPostProcessor] - &lt;JSR-330 'javax.inject.Inject' annotation found and supported for autowiring&gt;
2017-03-23 10:04:59,600 DEBUG Test worker [org.springframework.integration.config.GlobalChannelInterceptorProcessor] - &lt;No global channel interceptors.&gt;
2017-03-23 10:04:59,644  INFO Test worker [org.springframework.context.support.DefaultLifecycleProcessor] - &lt;Starting beans in phase 0&gt;
2017-03-23 10:04:59,644  INFO Test worker [org.springframework.integration.endpoint.EventDrivenConsumer] - &lt;Adding {message-handler} as a subscriber to the 'requests' channel&gt;
2017-03-23 10:04:59,644  INFO Test worker [org.springframework.integration.channel.DirectChannel] - &lt;Channel 'org.springframework.context.support.GenericApplicationContext@79838430.requests' has 1 subscriber(s).&gt;
2017-03-23 10:04:59,644  INFO Test worker [org.springframework.integration.endpoint.EventDrivenConsumer] - &lt;started org.springframework.integration.config.ConsumerEndpointFactoryBean#0&gt;
2017-03-23 10:04:59,644  INFO Test worker [org.springframework.integration.endpoint.EventDrivenConsumer] - &lt;Adding {logging-channel-adapter:_org.springframework.integration.errorLogger} as a subscriber to the 'errorChannel' channel&gt;
2017-03-23 10:04:59,644  INFO Test worker [org.springframework.integration.channel.PublishSubscribeChannel] - &lt;Channel 'org.springframework.context.support.GenericApplicationContext@79838430.errorChannel' has 1 subscriber(s).&gt;
2017-03-23 10:04:59,644  INFO Test worker [org.springframework.integration.endpoint.EventDrivenConsumer] - &lt;started _org.springframework.integration.errorLogger&gt;
2017-03-23 10:04:59,659 DEBUG Test worker [org.springframework.integration.channel.DirectChannel] - &lt;preSend on channel 'requests', message: GenericMessage [payload=JobLaunchRequest: testJob, parameters={dontclash=12}, headers={replyChannel=response, id=a8e73f3a-a6e7-2894-a2b9-c0334339e54f, timestamp=1490281499659}]&gt;
2017-03-23 10:04:59,659 DEBUG Test worker [org.springframework.batch.integration.launch.JobLaunchingGateway] - &lt;org.springframework.batch.integration.launch.JobLaunchingGateway#0 received message: GenericMessage [payload=JobLaunchRequest: testJob, parameters={dontclash=12}, headers={replyChannel=response, id=a8e73f3a-a6e7-2894-a2b9-c0334339e54f, timestamp=1490281499659}]&gt;
2017-03-23 10:04:59,661  INFO Test worker [org.springframework.batch.core.launch.support.SimpleJobLauncher] - &lt;Job: [org.springframework.batch.integration.JobSupport@4748256e] launched with the following parameters: [{dontclash=12}]&gt;
2017-03-23 10:04:59,662  INFO Test worker [org.springframework.batch.core.launch.support.SimpleJobLauncher] - &lt;Job: [org.springframework.batch.integration.JobSupport@4748256e] completed with the following parameters: [{dontclash=12}] and the following status: [STARTING]&gt;
2017-03-23 10:04:59,662 DEBUG Test worker [org.springframework.integration.channel.QueueChannel] - &lt;preSend on channel 'response', message: GenericMessage [payload=JobExecution: id=0, version=0, startTime=null, endTime=null, lastUpdated=Thu Mar 23 10:04:59 CDT 2017, status=STARTING, exitStatus=exitCode=UNKNOWN;exitDescription=, job=[JobInstance: id=0, version=0, Job=[testJob]], jobParameters=[{dontclash=12}], headers={replyChannel=response, id=9f95e2f6-dad1-1d24-d1cc-dfa029716ba6, timestamp=1490281499662}]&gt;
2017-03-23 10:04:59,662 DEBUG Test worker [org.springframework.integration.channel.QueueChannel] - &lt;postSend (sent=true) on channel 'response', message: GenericMessage [payload=JobExecution: id=0, version=0, startTime=null, endTime=null, lastUpdated=Thu Mar 23 10:04:59 CDT 2017, status=STARTING, exitStatus=exitCode=UNKNOWN;exitDescription=, job=[JobInstance: id=0, version=0, Job=[testJob]], jobParameters=[{dontclash=12}], headers={replyChannel=response, id=9f95e2f6-dad1-1d24-d1cc-dfa029716ba6, timestamp=1490281499662}]&gt;
2017-03-23 10:04:59,662 DEBUG Test worker [org.springframework.integration.channel.DirectChannel] - &lt;postSend (sent=true) on channel 'requests', message: GenericMessage [payload=JobLaunchRequest: testJob, parameters={dontclash=12}, headers={replyChannel=response, id=a8e73f3a-a6e7-2894-a2b9-c0334339e54f, timestamp=1490281499659}]&gt;
2017-03-23 10:04:59,662 DEBUG Test worker [org.springframework.integration.channel.QueueChannel] - &lt;postReceive on channel 'response', message: GenericMessage [payload=JobExecution: id=0, version=0, startTime=null, endTime=null, lastUpdated=Thu Mar 23 10:04:59 CDT 2017, status=STARTING, exitStatus=exitCode=UNKNOWN;exitDescription=, job=[JobInstance: id=0, version=0, Job=[testJob]], jobParameters=[{dontclash=12}], headers={replyChannel=response, id=9f95e2f6-dad1-1d24-d1cc-dfa029716ba6, timestamp=1490281499662}]&gt;
2017-03-23 10:04:59,663  INFO Test worker [org.springframework.context.support.GenericApplicationContext] - &lt;Closing org.springframework.context.support.GenericApplicationContext@79838430: startup date [Thu Mar 23 10:04:59 CDT 2017]; root of context hierarchy&gt;
2017-03-23 10:04:59,663  INFO Test worker [org.springframework.context.support.DefaultLifecycleProcessor] - &lt;Stopping beans in phase 0&gt;
2017-03-23 10:04:59,663  INFO Test worker [org.springframework.integration.endpoint.EventDrivenConsumer] - &lt;Removing {message-handler} as a subscriber to the 'requests' channel&gt;
2017-03-23 10:04:59,663  INFO Test worker [org.springframework.integration.channel.DirectChannel] - &lt;Channel 'org.springframework.context.support.GenericApplicationContext@79838430.requests' has 0 subscriber(s).&gt;
2017-03-23 10:04:59,663  INFO Test worker [org.springframework.integration.endpoint.EventDrivenConsumer] - &lt;stopped org.springframework.integration.config.ConsumerEndpointFactoryBean#0&gt;
2017-03-23 10:04:59,663  INFO Test worker [org.springframework.integration.endpoint.EventDrivenConsumer] - &lt;Removing {logging-channel-adapter:_org.springframework.integration.errorLogger} as a subscriber to the 'errorChannel' channel&gt;
2017-03-23 10:04:59,663  INFO Test worker [org.springframework.integration.channel.PublishSubscribeChannel] - &lt;Channel 'org.springframework.context.support.GenericApplicationContext@79838430.errorChannel' has 0 subscriber(s).&gt;
2017-03-23 10:04:59,663  INFO Test worker [org.springframework.integration.endpoint.EventDrivenConsumer] - &lt;stopped _org.springframework.integration.errorLogger&gt;
2017-03-23 10:04:59,664  INFO Test worker [org.springframework.beans.factory.xml.XmlBeanDefinitionReader] - &lt;Loading XML bean definitions from class path resource [org/springframework/batch/integration/launch/JobLaunchingGatewayIntegrationTests-context.xml]&gt;
2017-03-23 10:04:59,689  INFO Test worker [org.springframework.beans.factory.xml.XmlBeanDefinitionReader] - &lt;Loading XML bean definitions from class path resource [simple-job-launcher-context.xml]&gt;
2017-03-23 10:04:59,700  INFO Test worker [org.springframework.integration.config.IntegrationRegistrar] - &lt;No bean named 'integrationHeaderChannelRegistry' has been explicitly defined. Therefore, a default DefaultHeaderChannelRegistry will be created.&gt;
2017-03-23 10:04:59,701 DEBUG Test worker [org.springframework.integration.config.IntegrationRegistrar] - &lt;The '#jsonPath' SpEL function cannot be registered: there is no jayway json-path.jar on the classpath.&gt;
2017-03-23 10:04:59,702 DEBUG Test worker [org.springframework.integration.config.IntegrationRegistrar] - &lt;SpEL function '#xpath' isn't registered: there is no spring-integration-xml.jar on the classpath.&gt;
2017-03-23 10:04:59,703  INFO Test worker [org.springframework.context.support.GenericApplicationContext] - &lt;Refreshing org.springframework.context.support.GenericApplicationContext@4bd6523f: startup date [Thu Mar 23 10:04:59 CDT 2017]; root of context hierarchy&gt;
2017-03-23 10:04:59,715  INFO Test worker [org.springframework.integration.config.DefaultConfiguringBeanFactoryPostProcessor] - &lt;No bean named 'errorChannel' has been explicitly defined. Therefore, a default PublishSubscribeChannel will be created.&gt;
2017-03-23 10:04:59,716  INFO Test worker [org.springframework.integration.config.DefaultConfiguringBeanFactoryPostProcessor] - &lt;No bean named 'taskScheduler' has been explicitly defined. Therefore, a default ThreadPoolTaskScheduler will be created.&gt;
2017-03-23 10:04:59,716  INFO Test worker [org.springframework.beans.factory.annotation.AutowiredAnnotationBeanPostProcessor] - &lt;JSR-330 'javax.inject.Inject' annotation found and supported for autowiring&gt;
2017-03-23 10:04:59,746  INFO Test worker [org.springframework.beans.factory.annotation.AutowiredAnnotationBeanPostProcessor] - &lt;JSR-330 'javax.inject.Inject' annotation found and supported for autowiring&gt;
2017-03-23 10:04:59,754  INFO Test worker [org.springframework.batch.core.launch.support.SimpleJobLauncher] - &lt;No TaskExecutor has been set, defaulting to synchronous executor.&gt;
2017-03-23 10:04:59,880  INFO Test worker [org.springframework.beans.factory.annotation.AutowiredAnnotationBeanPostProcessor] - &lt;JSR-330 'javax.inject.Inject' annotation found and supported for autowiring&gt;
2017-03-23 10:04:59,925 DEBUG Test worker [org.springframework.integration.config.GlobalChannelInterceptorProcessor] - &lt;No global channel interceptors.&gt;
2017-03-23 10:04:59,972  INFO Test worker [org.springframework.context.support.DefaultLifecycleProcessor] - &lt;Starting beans in phase 0&gt;
2017-03-23 10:04:59,972  INFO Test worker [org.springframework.integration.endpoint.EventDrivenConsumer] - &lt;Adding {message-handler} as a subscriber to the 'requests' channel&gt;
2017-03-23 10:04:59,972  INFO Test worker [org.springframework.integration.channel.DirectChannel] - &lt;Channel 'org.springframework.context.support.GenericApplicationContext@4bd6523f.requests' has 1 subscriber(s).&gt;
2017-03-23 10:04:59,972  INFO Test worker [org.springframework.integration.endpoint.EventDrivenConsumer] - &lt;started org.springframework.integration.config.ConsumerEndpointFactoryBean#0&gt;
2017-03-23 10:04:59,972  INFO Test worker [org.springframework.integration.endpoint.EventDrivenConsumer] - &lt;Adding {logging-channel-adapter:_org.springframework.integration.errorLogger} as a subscriber to the 'errorChannel' channel&gt;
2017-03-23 10:04:59,972  INFO Test worker [org.springframework.integration.channel.PublishSubscribeChannel] - &lt;Channel 'org.springframework.context.support.GenericApplicationContext@4bd6523f.errorChannel' has 1 subscriber(s).&gt;
2017-03-23 10:04:59,972  INFO Test worker [org.springframework.integration.endpoint.EventDrivenConsumer] - &lt;started _org.springframework.integration.errorLogger&gt;
2017-03-23 10:04:59,988 DEBUG Test worker [org.springframework.integration.channel.DirectChannel] - &lt;preSend on channel 'requests', message: GenericMessage [payload=just text, headers={id=38156bae-74ed-c02a-2f08-0e8a1fedbc03, timestamp=1490281499988}]&gt;
2017-03-23 10:04:59,988 DEBUG Test worker [org.springframework.batch.integration.launch.JobLaunchingGateway] - &lt;org.springframework.batch.integration.launch.JobLaunchingGateway#0 received message: GenericMessage [payload=just text, headers={id=38156bae-74ed-c02a-2f08-0e8a1fedbc03, timestamp=1490281499988}]&gt;
2017-03-23 10:05:00,291 DEBUG task-scheduler-2 [org.springframework.integration.endpoint.PollingConsumer] - &lt;Received no Message during the poll, returning 'false'&gt;
2017-03-23 10:05:00,503 DEBUG task-scheduler-9 [org.springframework.integration.endpoint.PollingConsumer] - &lt;Received no Message during the poll, returning 'false'&gt;
2017-03-23 10:05:00,993  INFO Test worker [org.springframework.context.support.GenericApplicationContext] - &lt;Closing org.springframework.context.support.GenericApplicationContext@4bd6523f: startup date [Thu Mar 23 10:04:59 CDT 2017]; root of context hierarchy&gt;
2017-03-23 10:05:00,993  INFO Test worker [org.springframework.context.support.DefaultLifecycleProcessor] - &lt;Stopping beans in phase 0&gt;
2017-03-23 10:05:00,994  INFO Test worker [org.springframework.integration.endpoint.EventDrivenConsumer] - &lt;Removing {message-handler} as a subscriber to the 'requests' channel&gt;
2017-03-23 10:05:00,994  INFO Test worker [org.springframework.integration.channel.DirectChannel] - &lt;Channel 'org.springframework.context.support.GenericApplicationContext@4bd6523f.requests' has 0 subscriber(s).&gt;
2017-03-23 10:05:00,994  INFO Test worker [org.springframework.integration.endpoint.EventDrivenConsumer] - &lt;stopped org.springframework.integration.config.ConsumerEndpointFactoryBean#0&gt;
2017-03-23 10:05:00,994  INFO Test worker [org.springframework.integration.endpoint.EventDrivenConsumer] - &lt;Removing {logging-channel-adapter:_org.springframework.integration.errorLogger} as a subscriber to the 'errorChannel' channel&gt;
2017-03-23 10:05:00,994  INFO Test worker [org.springframework.integration.channel.PublishSubscribeChannel] - &lt;Channel 'org.springframework.context.support.GenericApplicationContext@4bd6523f.errorChannel' has 0 subscriber(s).&gt;
2017-03-23 10:05:00,994  INFO Test worker [org.springframework.integration.endpoint.EventDrivenConsumer] - &lt;stopped _org.springframework.integration.errorLogger&gt;
2017-03-23 10:05:00,995  INFO Test worker [org.springframework.beans.factory.xml.XmlBeanDefinitionReader] - &lt;Loading XML bean definitions from class path resource [org/springframework/batch/integration/launch/JobLaunchingGatewayIntegrationTests-context.xml]&gt;
2017-03-23 10:05:01,024  INFO Test worker [org.springframework.beans.factory.xml.XmlBeanDefinitionReader] - &lt;Loading XML bean definitions from class path resource [simple-job-launcher-context.xml]&gt;
2017-03-23 10:05:01,034  INFO Test worker [org.springframework.integration.config.IntegrationRegistrar] - &lt;No bean named 'integrationHeaderChannelRegistry' has been explicitly defined. Therefore, a default DefaultHeaderChannelRegistry will be created.&gt;
2017-03-23 10:05:01,035 DEBUG Test worker [org.springframework.integration.config.IntegrationRegistrar] - &lt;The '#jsonPath' SpEL function cannot be registered: there is no jayway json-path.jar on the classpath.&gt;
2017-03-23 10:05:01,036 DEBUG Test worker [org.springframework.integration.config.IntegrationRegistrar] - &lt;SpEL function '#xpath' isn't registered: there is no spring-integration-xml.jar on the classpath.&gt;
2017-03-23 10:05:01,037  INFO Test worker [org.springframework.context.support.GenericApplicationContext] - &lt;Refreshing org.springframework.context.support.GenericApplicationContext@1032ab55: startup date [Thu Mar 23 10:05:01 CDT 2017]; root of context hierarchy&gt;
2017-03-23 10:05:01,051  INFO Test worker [org.springframework.integration.config.DefaultConfiguringBeanFactoryPostProcessor] - &lt;No bean named 'errorChannel' has been explicitly defined. Therefore, a default PublishSubscribeChannel will be created.&gt;
2017-03-23 10:05:01,051  INFO Test worker [org.springframework.integration.config.DefaultConfiguringBeanFactoryPostProcessor] - &lt;No bean named 'taskScheduler' has been explicitly defined. Therefore, a default ThreadPoolTaskScheduler will be created.&gt;
2017-03-23 10:05:01,052  INFO Test worker [org.springframework.beans.factory.annotation.AutowiredAnnotationBeanPostProcessor] - &lt;JSR-330 'javax.inject.Inject' annotation found and supported for autowiring&gt;
2017-03-23 10:05:01,084  INFO Test worker [org.springframework.beans.factory.annotation.AutowiredAnnotationBeanPostProcessor] - &lt;JSR-330 'javax.inject.Inject' annotation found and supported for autowiring&gt;
2017-03-23 10:05:01,094  INFO Test worker [org.springframework.batch.core.launch.support.SimpleJobLauncher] - &lt;No TaskExecutor has been set, defaulting to synchronous executor.&gt;
2017-03-23 10:05:01,218  INFO Test worker [org.springframework.beans.factory.annotation.AutowiredAnnotationBeanPostProcessor] - &lt;JSR-330 'javax.inject.Inject' annotation found and supported for autowiring&gt;
2017-03-23 10:05:01,258 DEBUG Test worker [org.springframework.integration.config.GlobalChannelInterceptorProcessor] - &lt;No global channel interceptors.&gt;
2017-03-23 10:05:01,296 DEBUG task-scheduler-5 [org.springframework.integration.endpoint.PollingConsumer] - &lt;Received no Message during the poll, returning 'false'&gt;
2017-03-23 10:05:01,306  INFO Test worker [org.springframework.context.support.DefaultLifecycleProcessor] - &lt;Starting beans in phase 0&gt;
2017-03-23 10:05:01,306  INFO Test worker [org.springframework.integration.endpoint.EventDrivenConsumer] - &lt;Adding {message-handler} as a subscriber to the 'requests' channel&gt;
2017-03-23 10:05:01,306  INFO Test worker [org.springframework.integration.channel.DirectChannel] - &lt;Channel 'org.springframework.context.support.GenericApplicationContext@1032ab55.requests' has 1 subscriber(s).&gt;
2017-03-23 10:05:01,306  INFO Test worker [org.springframework.integration.endpoint.EventDrivenConsumer] - &lt;started org.springframework.integration.config.ConsumerEndpointFactoryBean#0&gt;
2017-03-23 10:05:01,306  INFO Test worker [org.springframework.integration.endpoint.EventDrivenConsumer] - &lt;Adding {logging-channel-adapter:_org.springframework.integration.errorLogger} as a subscriber to the 'errorChannel' channel&gt;
2017-03-23 10:05:01,306  INFO Test worker [org.springframework.integration.channel.PublishSubscribeChannel] - &lt;Channel 'org.springframework.context.support.GenericApplicationContext@1032ab55.errorChannel' has 1 subscriber(s).&gt;
2017-03-23 10:05:01,306  INFO Test worker [org.springframework.integration.endpoint.EventDrivenConsumer] - &lt;started _org.springframework.integration.errorLogger&gt;
2017-03-23 10:05:01,323 DEBUG Test worker [org.springframework.integration.channel.DirectChannel] - &lt;preSend on channel 'requests', message: GenericMessage [payload=JobLaunchRequest: testJob, parameters={}, headers={id=5a8818f7-9d4a-fb47-59d8-6895f453ca21, timestamp=1490281501323}]&gt;
2017-03-23 10:05:01,323 DEBUG Test worker [org.springframework.batch.integration.launch.JobLaunchingGateway] - &lt;org.springframework.batch.integration.launch.JobLaunchingGateway#0 received message: GenericMessage [payload=JobLaunchRequest: testJob, parameters={}, headers={id=5a8818f7-9d4a-fb47-59d8-6895f453ca21, timestamp=1490281501323}]&gt;
2017-03-23 10:05:01,325  INFO Test worker [org.springframework.batch.core.launch.support.SimpleJobLauncher] - &lt;Job: [org.springframework.batch.integration.JobSupport@49aca25] launched with the following parameters: [{}]&gt;
2017-03-23 10:05:01,325  INFO Test worker [org.springframework.batch.core.launch.support.SimpleJobLauncher] - &lt;Job: [org.springframework.batch.integration.JobSupport@49aca25] completed with the following parameters: [{}] and the following status: [STARTING]&gt;
2017-03-23 10:05:01,519 DEBUG task-scheduler-8 [org.springframework.integration.endpoint.PollingConsumer] - &lt;Received no Message during the poll, returning 'false'&gt;
2017-03-23 10:05:02,299 DEBUG task-scheduler-1 [org.springframework.integration.endpoint.PollingConsumer] - &lt;Received no Message during the poll, returning 'false'&gt;
2017-03-23 10:05:02,331  INFO Test worker [org.springframework.context.support.GenericApplicationContext] - &lt;Closing org.springframework.context.support.GenericApplicationContext@1032ab55: startup date [Thu Mar 23 10:05:01 CDT 2017]; root of context hierarchy&gt;
2017-03-23 10:05:02,331  INFO Test worker [org.springframework.context.support.DefaultLifecycleProcessor] - &lt;Stopping beans in phase 0&gt;
2017-03-23 10:05:02,331  INFO Test worker [org.springframework.integration.endpoint.EventDrivenConsumer] - &lt;Removing {message-handler} as a subscriber to the 'requests' channel&gt;
2017-03-23 10:05:02,331  INFO Test worker [org.springframework.integration.channel.DirectChannel] - &lt;Channel 'org.springframework.context.support.GenericApplicationContext@1032ab55.requests' has 0 subscriber(s).&gt;
2017-03-23 10:05:02,331  INFO Test worker [org.springframework.integration.endpoint.EventDrivenConsumer] - &lt;stopped org.springframework.integration.config.ConsumerEndpointFactoryBean#0&gt;
2017-03-23 10:05:02,331  INFO Test worker [org.springframework.integration.endpoint.EventDrivenConsumer] - &lt;Removing {logging-channel-adapter:_org.springframework.integration.errorLogger} as a subscriber to the 'errorChannel' channel&gt;
2017-03-23 10:05:02,331  INFO Test worker [org.springframework.integration.channel.PublishSubscribeChannel] - &lt;Channel 'org.springframework.context.support.GenericApplicationContext@1032ab55.errorChannel' has 0 subscriber(s).&gt;
2017-03-23 10:05:02,331  INFO Test worker [org.springframework.integration.endpoint.EventDrivenConsumer] - &lt;stopped _org.springframework.integration.errorLogger&gt;
</pre>
</span>
</div>
</div>
<div id="footer">
<p>
<div>
<label class="hidden" id="label-for-line-wrapping-toggle" for="line-wrapping-toggle">Wrap lines
<input id="line-wrapping-toggle" type="checkbox" autocomplete="off"/>
</label>
</div>Generated by 
<a href="http://www.gradle.org">Gradle 3.4</a> at Mar 23, 2017 10:05:30 AM</p>
</div>
</div>
</body>
</html>
