<?xml version="1.0" encoding="UTF-8"?>
<testsuite name="org.springframework.batch.integration.partition.JmsIntegrationTests" tests="2" skipped="0" failures="0" errors="0" timestamp="2017-03-23T15:05:06" hostname="Michaels-MacBook-Pro-3.local" time="0.194">
  <properties/>
  <testcase name="testSimpleProperties" classname="org.springframework.batch.integration.partition.JmsIntegrationTests" time="0.0"/>
  <testcase name="testLaunchJob" classname="org.springframework.batch.integration.partition.JmsIntegrationTests" time="0.193"/>
  <system-out><![CDATA[2017-03-23 10:05:04,962  INFO Test worker [org.springframework.beans.factory.xml.XmlBeanDefinitionReader] - <Loading XML bean definitions from class path resource [org/springframework/batch/integration/partition/JmsIntegrationTests-context.xml]>
2017-03-23 10:05:05,311 DEBUG task-scheduler-1 [org.springframework.integration.endpoint.PollingConsumer] - <Received no Message during the poll, returning 'false'>
2017-03-23 10:05:05,583 DEBUG task-scheduler-7 [org.springframework.integration.endpoint.PollingConsumer] - <Received no Message during the poll, returning 'false'>
2017-03-23 10:05:05,584  INFO Test worker [org.springframework.beans.factory.xml.XmlBeanDefinitionReader] - <Loading XML bean definitions from class path resource [simple-job-launcher-context.xml]>
2017-03-23 10:05:05,592  INFO Test worker [org.springframework.beans.factory.xml.XmlBeanDefinitionReader] - <Loading XML bean definitions from class path resource [jms-context.xml]>
2017-03-23 10:05:05,603  INFO Test worker [org.springframework.integration.config.IntegrationRegistrar] - <No bean named 'integrationHeaderChannelRegistry' has been explicitly defined. Therefore, a default DefaultHeaderChannelRegistry will be created.>
2017-03-23 10:05:05,603 DEBUG Test worker [org.springframework.integration.config.IntegrationRegistrar] - <The '#jsonPath' SpEL function cannot be registered: there is no jayway json-path.jar on the classpath.>
2017-03-23 10:05:05,604 DEBUG Test worker [org.springframework.integration.config.IntegrationRegistrar] - <SpEL function '#xpath' isn't registered: there is no spring-integration-xml.jar on the classpath.>
2017-03-23 10:05:05,620  INFO Test worker [org.springframework.context.support.GenericApplicationContext] - <Refreshing org.springframework.context.support.GenericApplicationContext@18d55d31: startup date [Thu Mar 23 10:05:05 CDT 2017]; root of context hierarchy>
2017-03-23 10:05:05,677  INFO Test worker [org.springframework.integration.config.DefaultConfiguringBeanFactoryPostProcessor] - <No bean named 'errorChannel' has been explicitly defined. Therefore, a default PublishSubscribeChannel will be created.>
2017-03-23 10:05:05,677  INFO Test worker [org.springframework.integration.config.DefaultConfiguringBeanFactoryPostProcessor] - <No bean named 'taskScheduler' has been explicitly defined. Therefore, a default ThreadPoolTaskScheduler will be created.>
2017-03-23 10:05:05,678  INFO Test worker [org.springframework.beans.factory.annotation.AutowiredAnnotationBeanPostProcessor] - <JSR-330 'javax.inject.Inject' annotation found and supported for autowiring>
2017-03-23 10:05:05,696  INFO Test worker [org.springframework.beans.factory.annotation.AutowiredAnnotationBeanPostProcessor] - <JSR-330 'javax.inject.Inject' annotation found and supported for autowiring>
2017-03-23 10:05:05,703  INFO Test worker [org.springframework.batch.core.launch.support.SimpleJobLauncher] - <No TaskExecutor has been set, defaulting to synchronous executor.>
2017-03-23 10:05:05,740 DEBUG Test worker [org.springframework.integration.config.ChannelInitializer] - <Auto-creating channel 'worker' as DirectChannel>
2017-03-23 10:05:05,917  WARN Test worker [org.springframework.integration.config.ReleaseStrategyFactoryBean] - <No ReleaseStrategy annotated method found on MessageChannelPartitionHandler; falling back to SequenceSizeReleaseStrategy, target:org.springframework.batch.integration.partition.MessageChannelPartitionHandler@3fd45688, methodName:null>
2017-03-23 10:05:05,921 DEBUG Test worker [org.springframework.integration.util.MessagingMethodInvokerHelper] - <Method [public java.util.Collection org.springframework.batch.integration.partition.MessageChannelPartitionHandler.handle(org.springframework.batch.core.partition.StepExecutionSplitter,org.springframework.batch.core.StepExecution) throws java.lang.Exception] is not eligible for Message handling Found more than one parameter type candidate: [org.springframework.batch.core.partition.StepExecutionSplitter] and [org.springframework.batch.core.StepExecution].>
2017-03-23 10:05:05,937  WARN Test worker [org.springframework.integration.aggregator.AggregatingMessageHandler] - <Using a SequenceSizeReleaseStrategy with large groups may not perform well, consider using a SimpleSequenceSizeReleaseStrategy>
2017-03-23 10:05:05,978  INFO Test worker [org.springframework.beans.factory.annotation.AutowiredAnnotationBeanPostProcessor] - <JSR-330 'javax.inject.Inject' annotation found and supported for autowiring>
2017-03-23 10:05:06,009 DEBUG Test worker [org.springframework.integration.config.GlobalChannelInterceptorProcessor] - <No global channel interceptors.>
2017-03-23 10:05:06,089  INFO Test worker [org.springframework.context.support.DefaultLifecycleProcessor] - <Starting beans in phase 0>
2017-03-23 10:05:06,089  INFO Test worker [org.springframework.integration.endpoint.EventDrivenConsumer] - <Adding {service-activator} as a subscriber to the 'worker' channel>
2017-03-23 10:05:06,089  INFO Test worker [org.springframework.integration.channel.DirectChannel] - <Channel 'org.springframework.context.support.GenericApplicationContext@18d55d31.worker' has 1 subscriber(s).>
2017-03-23 10:05:06,089  INFO Test worker [org.springframework.integration.endpoint.EventDrivenConsumer] - <started org.springframework.integration.config.ConsumerEndpointFactoryBean#1>
2017-03-23 10:05:06,089  INFO Test worker [org.springframework.integration.endpoint.EventDrivenConsumer] - <Adding {aggregator} as a subscriber to the 'staging' channel>
2017-03-23 10:05:06,089  INFO Test worker [org.springframework.integration.channel.DirectChannel] - <Channel 'org.springframework.context.support.GenericApplicationContext@18d55d31.staging' has 1 subscriber(s).>
2017-03-23 10:05:06,089  INFO Test worker [org.springframework.integration.endpoint.EventDrivenConsumer] - <started org.springframework.integration.config.ConsumerEndpointFactoryBean#2>
2017-03-23 10:05:06,089  INFO Test worker [org.springframework.integration.endpoint.EventDrivenConsumer] - <Adding {logging-channel-adapter:_org.springframework.integration.errorLogger} as a subscriber to the 'errorChannel' channel>
2017-03-23 10:05:06,089  INFO Test worker [org.springframework.integration.channel.PublishSubscribeChannel] - <Channel 'org.springframework.context.support.GenericApplicationContext@18d55d31.errorChannel' has 1 subscriber(s).>
2017-03-23 10:05:06,089  INFO Test worker [org.springframework.integration.endpoint.EventDrivenConsumer] - <started _org.springframework.integration.errorLogger>
2017-03-23 10:05:06,089  INFO Test worker [org.springframework.context.support.DefaultLifecycleProcessor] - <Starting beans in phase 1073741823>
2017-03-23 10:05:06,090  INFO Test worker [org.springframework.integration.endpoint.PollingConsumer] - <started org.springframework.integration.config.ConsumerEndpointFactoryBean#0>
2017-03-23 10:05:06,090  INFO Test worker [org.springframework.integration.jms.ChannelPublishingJmsMessageListener$GatewayDelegate] - <started org.springframework.integration.jms.ChannelPublishingJmsMessageListener$GatewayDelegate@78930484>
2017-03-23 10:05:06,101  INFO Test worker [org.springframework.integration.jms.JmsMessageDrivenEndpoint] - <started org.springframework.integration.jms.JmsMessageDrivenEndpoint#0>
2017-03-23 10:05:06,112  INFO Test worker [org.springframework.batch.core.launch.support.SimpleJobLauncher] - <Job: [FlowJob: [name=job1]] launched with the following parameters: [{}]>
2017-03-23 10:05:06,113 DEBUG Test worker [org.springframework.batch.core.job.AbstractJob] - <Job execution starting: JobExecution: id=0, version=0, startTime=null, endTime=null, lastUpdated=Thu Mar 23 10:05:06 CDT 2017, status=STARTING, exitStatus=exitCode=UNKNOWN;exitDescription=, job=[JobInstance: id=0, version=0, Job=[job1]], jobParameters=[{}]>
2017-03-23 10:05:06,115 DEBUG Test worker [org.springframework.batch.core.job.flow.support.SimpleFlow] - <Resuming state=job1.step1-master with status=UNKNOWN>
2017-03-23 10:05:06,115 DEBUG Test worker [org.springframework.batch.core.job.flow.support.SimpleFlow] - <Handling state=job1.step1-master>
2017-03-23 10:05:06,122  INFO Test worker [org.springframework.batch.core.job.SimpleStepHandler] - <Executing step: [step1-master]>
2017-03-23 10:05:06,122 DEBUG Test worker [org.springframework.batch.core.step.AbstractStep] - <Executing: id=1>
2017-03-23 10:05:06,138 DEBUG Test worker [org.springframework.batch.integration.partition.MessageChannelPartitionHandler] - <Sending request: GenericMessage [payload=StepExecutionRequest: [jobExecutionId=0, stepExecutionId=3, stepName=step1], headers={sequenceNumber=0, replyChannel=org.springframework.integration.channel.QueueChannel@6e832101, correlationId=0:step1, id=5ce6ed1c-cfc8-fea9-1409-3f34bd49e5cd, sequenceSize=2, timestamp=1490281506138}]>
2017-03-23 10:05:06,138 DEBUG Test worker [org.springframework.integration.channel.QueueChannel] - <preSend on channel 'requests', message: GenericMessage [payload=StepExecutionRequest: [jobExecutionId=0, stepExecutionId=3, stepName=step1], headers={sequenceNumber=0, replyChannel=org.springframework.integration.channel.QueueChannel@6e832101, correlationId=0:step1, id=5ce6ed1c-cfc8-fea9-1409-3f34bd49e5cd, sequenceSize=2, timestamp=1490281506138}]>
2017-03-23 10:05:06,138 DEBUG taskExecutor-1 [org.springframework.integration.channel.QueueChannel] - <postReceive on channel 'requests', message: GenericMessage [payload=StepExecutionRequest: [jobExecutionId=0, stepExecutionId=3, stepName=step1], headers={sequenceNumber=0, replyChannel=org.springframework.integration.channel.QueueChannel@6e832101, correlationId=0:step1, id=5ce6ed1c-cfc8-fea9-1409-3f34bd49e5cd, sequenceSize=2, timestamp=1490281506138}]>
2017-03-23 10:05:06,138 DEBUG taskExecutor-1 [org.springframework.integration.endpoint.PollingConsumer] - <Poll resulted in Message: GenericMessage [payload=StepExecutionRequest: [jobExecutionId=0, stepExecutionId=3, stepName=step1], headers={sequenceNumber=0, replyChannel=org.springframework.integration.channel.QueueChannel@6e832101, correlationId=0:step1, id=5ce6ed1c-cfc8-fea9-1409-3f34bd49e5cd, sequenceSize=2, timestamp=1490281506138}]>
2017-03-23 10:05:06,138 DEBUG taskExecutor-1 [org.springframework.integration.jms.JmsOutboundGateway] - <org.springframework.integration.jms.JmsOutboundGateway#0 received message: GenericMessage [payload=StepExecutionRequest: [jobExecutionId=0, stepExecutionId=3, stepName=step1], headers={sequenceNumber=0, replyChannel=org.springframework.integration.channel.QueueChannel@6e832101, correlationId=0:step1, id=5ce6ed1c-cfc8-fea9-1409-3f34bd49e5cd, sequenceSize=2, timestamp=1490281506138}]>
2017-03-23 10:05:06,138 DEBUG Test worker [org.springframework.integration.channel.QueueChannel] - <postSend (sent=true) on channel 'requests', message: GenericMessage [payload=StepExecutionRequest: [jobExecutionId=0, stepExecutionId=3, stepName=step1], headers={sequenceNumber=0, replyChannel=org.springframework.integration.channel.QueueChannel@6e832101, correlationId=0:step1, id=5ce6ed1c-cfc8-fea9-1409-3f34bd49e5cd, sequenceSize=2, timestamp=1490281506138}]>
2017-03-23 10:05:06,138 DEBUG Test worker [org.springframework.batch.integration.partition.MessageChannelPartitionHandler] - <Sending request: GenericMessage [payload=StepExecutionRequest: [jobExecutionId=0, stepExecutionId=2, stepName=step1], headers={sequenceNumber=1, replyChannel=org.springframework.integration.channel.QueueChannel@6e832101, correlationId=0:step1, id=1484abc9-07ac-a8d2-3fea-7570fc080f76, sequenceSize=2, timestamp=1490281506138}]>
2017-03-23 10:05:06,139 DEBUG Test worker [org.springframework.integration.channel.QueueChannel] - <preSend on channel 'requests', message: GenericMessage [payload=StepExecutionRequest: [jobExecutionId=0, stepExecutionId=2, stepName=step1], headers={sequenceNumber=1, replyChannel=org.springframework.integration.channel.QueueChannel@6e832101, correlationId=0:step1, id=1484abc9-07ac-a8d2-3fea-7570fc080f76, sequenceSize=2, timestamp=1490281506138}]>
2017-03-23 10:05:06,139 DEBUG Test worker [org.springframework.integration.channel.QueueChannel] - <postSend (sent=true) on channel 'requests', message: GenericMessage [payload=StepExecutionRequest: [jobExecutionId=0, stepExecutionId=2, stepName=step1], headers={sequenceNumber=1, replyChannel=org.springframework.integration.channel.QueueChannel@6e832101, correlationId=0:step1, id=1484abc9-07ac-a8d2-3fea-7570fc080f76, sequenceSize=2, timestamp=1490281506138}]>
2017-03-23 10:05:06,162 DEBUG taskExecutor-1 [org.springframework.integration.jms.JmsOutboundGateway] - <ReplyTo: temp-queue://ID:Michaels-MacBook-Pro-3.local-56637-1490281492898-7:2:1>
2017-03-23 10:05:06,175 DEBUG org.springframework.integration.jms.JmsMessageDrivenEndpoint#0.container-2 [org.springframework.integration.jms.ChannelPublishingJmsMessageListener] - <converted JMS Message [ActiveMQObjectMessage {commandId = 7, responseRequired = true, messageId = ID:Michaels-MacBook-Pro-3.local-56637-1490281492898-7:2:1:1:1, originalDestination = null, originalTransactionId = null, producerId = ID:Michaels-MacBook-Pro-3.local-56637-1490281492898-7:2:1:1, destination = queue://requests, transactionId = null, expiration = 0, timestamp = 1490281506173, arrival = 0, brokerInTime = 1490281506173, brokerOutTime = 1490281506173, correlationId = null, replyTo = temp-queue://ID:Michaels-MacBook-Pro-3.local-56637-1490281492898-7:2:1, persistent = true, type = null, priority = 4, groupID = null, groupSequence = 0, targetConsumerId = null, compressed = false, userID = null, content = org.apache.activemq.util.ByteSequence@5d1d39b0, marshalledProperties = null, dataStructure = null, redeliveryCounter = 0, size = 1305, properties = {sequenceNumber=0, correlationId=0:step1, sequenceSize=2, timestamp=1490281506138}, readOnlyProperties = true, readOnlyBody = true, droppable = false, jmsXGroupFirstForConsumer = false}] to integration Message payload [StepExecutionRequest: [jobExecutionId=0, stepExecutionId=3, stepName=step1]]]]><![CDATA[>
2017-03-23 10:05:06,175 DEBUG org.springframework.integration.jms.JmsMessageDrivenEndpoint#0.container-2 [org.springframework.integration.channel.DirectChannel] - <preSend on channel 'worker', message: GenericMessage [payload=StepExecutionRequest: [jobExecutionId=0, stepExecutionId=3, stepName=step1], headers={sequenceNumber=0, errorChannel=org.springframework.messaging.core.GenericMessagingTemplate$TemporaryReplyChannel@5922b6cb, sequenceSize=2, jms_destination=queue://requests, priority=4, jms_timestamp=1490281506173, replyChannel=org.springframework.messaging.core.GenericMessagingTemplate$TemporaryReplyChannel@5922b6cb, jms_redelivered=false, jms_replyTo=temp-queue://ID:Michaels-MacBook-Pro-3.local-56637-1490281492898-7:2:1, correlationId=0:step1, id=e1a56cf8-5fd6-7310-e5dd-043ed8e9b2aa, jms_messageId=ID:Michaels-MacBook-Pro-3.local-56637-1490281492898-7:2:1:1:1, timestamp=1490281506175}]>
2017-03-23 10:05:06,176 DEBUG org.springframework.integration.jms.JmsMessageDrivenEndpoint#0.container-2 [org.springframework.integration.handler.ServiceActivatingHandler] - <ServiceActivator for [org.springframework.integration.handler.MethodInvokingMessageProcessor@1c20338b] (org.springframework.integration.config.ServiceActivatorFactoryBean#0) received message: GenericMessage [payload=StepExecutionRequest: [jobExecutionId=0, stepExecutionId=3, stepName=step1], headers={sequenceNumber=0, errorChannel=org.springframework.messaging.core.GenericMessagingTemplate$TemporaryReplyChannel@5922b6cb, sequenceSize=2, jms_destination=queue://requests, priority=4, jms_timestamp=1490281506173, replyChannel=org.springframework.messaging.core.GenericMessagingTemplate$TemporaryReplyChannel@5922b6cb, jms_redelivered=false, jms_replyTo=temp-queue://ID:Michaels-MacBook-Pro-3.local-56637-1490281492898-7:2:1, correlationId=0:step1, id=e1a56cf8-5fd6-7310-e5dd-043ed8e9b2aa, jms_messageId=ID:Michaels-MacBook-Pro-3.local-56637-1490281492898-7:2:1:1:1, timestamp=1490281506175}]>
2017-03-23 10:05:06,184 DEBUG org.springframework.integration.jms.JmsMessageDrivenEndpoint#0.container-2 [org.springframework.batch.core.step.AbstractStep] - <Executing: id=3>
2017-03-23 10:05:06,186 DEBUG org.springframework.integration.jms.JmsMessageDrivenEndpoint#0.container-2 [org.springframework.batch.core.scope.StepScope] - <Creating object in scope=step, name=scopedTarget.org.springframework.batch.integration.partition.ExampleItemReader#2c7d4517>
2017-03-23 10:05:06,191 DEBUG org.springframework.integration.jms.JmsMessageDrivenEndpoint#0.container-2 [org.springframework.batch.core.scope.context.StepContextRepeatCallback] - <Preparing chunk execution for StepContext: org.springframework.batch.core.scope.context.StepContext@7fa038a8>
2017-03-23 10:05:06,192 DEBUG org.springframework.integration.jms.JmsMessageDrivenEndpoint#0.container-2 [org.springframework.batch.core.scope.context.StepContextRepeatCallback] - <Chunk execution starting: queue size=0>
2017-03-23 10:05:06,192  INFO org.springframework.integration.jms.JmsMessageDrivenEndpoint#0.container-2 [org.springframework.batch.integration.partition.ExampleItemReader] - <Processing input index=0, item=Hello, in (org.springframework.batch.integration.partition.ExampleItemReader@6575df23)>
2017-03-23 10:05:06,193  INFO org.springframework.integration.jms.JmsMessageDrivenEndpoint#0.container-2 [org.springframework.batch.integration.partition.ExampleItemReader] - <Processing input index=1, item=world!, in (org.springframework.batch.integration.partition.ExampleItemReader@6575df23)>
2017-03-23 10:05:06,193  INFO org.springframework.integration.jms.JmsMessageDrivenEndpoint#0.container-2 [org.springframework.batch.integration.partition.ExampleItemReader] - <Processing input index=2, item=Go, in (org.springframework.batch.integration.partition.ExampleItemReader@6575df23)>
2017-03-23 10:05:06,193  INFO org.springframework.integration.jms.JmsMessageDrivenEndpoint#0.container-2 [org.springframework.batch.integration.partition.ExampleItemReader] - <Processing input index=3, item=on, in (org.springframework.batch.integration.partition.ExampleItemReader@6575df23)>
2017-03-23 10:05:06,193  INFO org.springframework.integration.jms.JmsMessageDrivenEndpoint#0.container-2 [org.springframework.batch.integration.partition.ExampleItemReader] - <Processing input index=4, item=punk, in (org.springframework.batch.integration.partition.ExampleItemReader@6575df23)>
2017-03-23 10:05:06,193  INFO org.springframework.integration.jms.JmsMessageDrivenEndpoint#0.container-2 [org.springframework.batch.integration.partition.ExampleItemReader] - <Processing input index=5, item=make, in (org.springframework.batch.integration.partition.ExampleItemReader@6575df23)>
2017-03-23 10:05:06,193  INFO org.springframework.integration.jms.JmsMessageDrivenEndpoint#0.container-2 [org.springframework.batch.integration.partition.ExampleItemReader] - <Processing input index=6, item=my, in (org.springframework.batch.integration.partition.ExampleItemReader@6575df23)>
2017-03-23 10:05:06,193  INFO org.springframework.integration.jms.JmsMessageDrivenEndpoint#0.container-2 [org.springframework.batch.integration.partition.ExampleItemReader] - <Processing input index=7, item=day!, in (org.springframework.batch.integration.partition.ExampleItemReader@6575df23)>
2017-03-23 10:05:06,194  INFO org.springframework.integration.jms.JmsMessageDrivenEndpoint#0.container-2 [org.springframework.batch.integration.partition.ExampleItemWriter] - <[Hello, world!, Go, on, punk, make, my, day!]>
2017-03-23 10:05:06,194 DEBUG org.springframework.integration.jms.JmsMessageDrivenEndpoint#0.container-2 [org.springframework.batch.core.step.item.ChunkOrientedTasklet] - <Inputs not busy, ended: true>
2017-03-23 10:05:06,194 DEBUG org.springframework.integration.jms.JmsMessageDrivenEndpoint#0.container-2 [org.springframework.batch.core.step.tasklet.TaskletStep] - <Applying contribution: [StepContribution: read=8, written=8, filtered=0, readSkips=0, writeSkips=0, processSkips=0, exitStatus=EXECUTING]>
2017-03-23 10:05:06,195 DEBUG org.springframework.integration.jms.JmsMessageDrivenEndpoint#0.container-2 [org.springframework.batch.core.step.tasklet.TaskletStep] - <Saving step execution before commit: StepExecution: id=3, version=1, name=step1-master:partition1, status=STARTED, exitStatus=EXECUTING, readCount=8, filterCount=0, writeCount=8 readSkipCount=0, writeSkipCount=0, processSkipCount=0, commitCount=1, rollbackCount=0, exitDescription=>
2017-03-23 10:05:06,197 DEBUG org.springframework.integration.jms.JmsMessageDrivenEndpoint#0.container-2 [org.springframework.batch.core.step.AbstractStep] - <Step execution success: id=3>
2017-03-23 10:05:06,199 DEBUG org.springframework.integration.jms.JmsMessageDrivenEndpoint#0.container-2 [org.springframework.batch.core.step.AbstractStep] - <Step execution complete: StepExecution: id=3, version=3, name=step1-master:partition1, status=COMPLETED, exitStatus=COMPLETED, readCount=8, filterCount=0, writeCount=8 readSkipCount=0, writeSkipCount=0, processSkipCount=0, commitCount=1, rollbackCount=0>
2017-03-23 10:05:06,199 DEBUG org.springframework.integration.jms.JmsMessageDrivenEndpoint#0.container-2 [org.springframework.integration.channel.DirectChannel] - <postSend (sent=true) on channel 'worker', message: GenericMessage [payload=StepExecutionRequest: [jobExecutionId=0, stepExecutionId=3, stepName=step1], headers={sequenceNumber=0, errorChannel=org.springframework.messaging.core.GenericMessagingTemplate$TemporaryReplyChannel@5922b6cb, sequenceSize=2, jms_destination=queue://requests, priority=4, jms_timestamp=1490281506173, replyChannel=org.springframework.messaging.core.GenericMessagingTemplate$TemporaryReplyChannel@5922b6cb, jms_redelivered=false, jms_replyTo=temp-queue://ID:Michaels-MacBook-Pro-3.local-56637-1490281492898-7:2:1, correlationId=0:step1, id=e1a56cf8-5fd6-7310-e5dd-043ed8e9b2aa, jms_messageId=ID:Michaels-MacBook-Pro-3.local-56637-1490281492898-7:2:1:1:1, timestamp=1490281506175}]>
2017-03-23 10:05:06,199 DEBUG org.springframework.integration.jms.JmsMessageDrivenEndpoint#0.container-2 [org.springframework.integration.jms.ChannelPublishingJmsMessageListener] - <Reply destination: temp-queue://ID:Michaels-MacBook-Pro-3.local-56637-1490281492898-7:2:1>
2017-03-23 10:05:06,211  WARN ActiveMQ VMTransport: vm://localhost#131-1 [org.apache.activemq.broker.region.Queue] - <temp-queue://ID:Michaels-MacBook-Pro-3.local-56637-1490281492898-7:2:1 after purge of 1 messages, message count stats report: 1>
2017-03-23 10:05:06,216 DEBUG taskExecutor-1 [org.springframework.integration.jms.JmsOutboundGateway] - <converted JMS Message [ActiveMQObjectMessage {commandId = 9, responseRequired = false, messageId = ID:Michaels-MacBook-Pro-3.local-56637-1490281492898-7:1:1:1:1, originalDestination = null, originalTransactionId = null, producerId = ID:Michaels-MacBook-Pro-3.local-56637-1490281492898-7:1:1:1, destination = temp-queue://ID:Michaels-MacBook-Pro-3.local-56637-1490281492898-7:2:1, transactionId = TX:ID:Michaels-MacBook-Pro-3.local-56637-1490281492898-7:1:1, expiration = 0, timestamp = 1490281506204, arrival = 0, brokerInTime = 1490281506205, brokerOutTime = 1490281506206, correlationId = ID:Michaels-MacBook-Pro-3.local-56637-1490281492898-7:2:1:1:1, replyTo = temp-queue://ID:Michaels-MacBook-Pro-3.local-56637-1490281492898-7:2:1, persistent = true, type = null, priority = 4, groupID = null, groupSequence = 0, targetConsumerId = null, compressed = false, userID = null, content = org.apache.activemq.util.ByteSequence@58dbf063, marshalledProperties = null, dataStructure = null, redeliveryCounter = 0, size = 5896, properties = {sequenceNumber=0, correlationId=0:step1, priority=4, sequenceSize=2, timestamp=1490281506199}, readOnlyProperties = true, readOnlyBody = true, droppable = false, jmsXGroupFirstForConsumer = false}] to integration Message payload [StepExecution: id=3, version=3, name=step1-master:partition1, status=COMPLETED, exitStatus=COMPLETED, readCount=8, filterCount=0, writeCount=8 readSkipCount=0, writeSkipCount=0, processSkipCount=0, commitCount=1, rollbackCount=0, exitDescription=]>
2017-03-23 10:05:06,216 DEBUG taskExecutor-1 [org.springframework.integration.channel.DirectChannel] - <preSend on channel 'staging', message: GenericMessage [payload=StepExecution: id=3, version=3, name=step1-master:partition1, status=COMPLETED, exitStatus=COMPLETED, readCount=8, filterCount=0, writeCount=8 readSkipCount=0, writeSkipCount=0, processSkipCount=0, commitCount=1, rollbackCount=0, exitDescription=, headers={sequenceNumber=0, sequenceSize=2, jms_destination=temp-queue://ID:Michaels-MacBook-Pro-3.local-56637-1490281492898-7:2:1, priority=4, jms_timestamp=1490281506204, replyChannel=org.springframework.integration.channel.QueueChannel@6e832101, jms_redelivered=false, jms_replyTo=temp-queue://ID:Michaels-MacBook-Pro-3.local-56637-1490281492898-7:2:1, jms_correlationId=ID:Michaels-MacBook-Pro-3.local-56637-1490281492898-7:2:1:1:1, correlationId=0:step1, id=3e55b9f0-f3fc-4709-ef22-2dd243abe809, jms_messageId=ID:Michaels-MacBook-Pro-3.local-56637-1490281492898-7:1:1:1:1, timestamp=1490281506216}]>
2017-03-23 10:05:06,217 DEBUG taskExecutor-1 [org.springframework.integration.aggregator.AggregatingMessageHandler] - <org.springframework.integration.config.AggregatorFactoryBean#0 received message: GenericMessage [payload=StepExecution: id=3, version=3, name=step1-master:partition1, status=COMPLETED, exitStatus=COMPLETED, readCount=8, filterCount=0, writeCount=8 readSkipCount=0, writeSkipCount=0, processSkipCount=0, commitCount=1, rollbackCount=0, exitDescription=, headers={sequenceNumber=0, sequenceSize=2, jms_destination=temp-queue://ID:Michaels-MacBook-Pro-3.local-56637-1490281492898-7:2:1, priority=4, jms_timestamp=1490281506204, replyChannel=org.springframework.integration.channel.QueueChannel@6e832101, jms_redelivered=false, jms_replyTo=temp-queue://ID:Michaels-MacBook-Pro-3.local-56637-1490281492898-7:2:1, jms_correlationId=ID:Michaels-MacBook-Pro-3.local-56637-1490281492898-7:2:1:1:1, correlationId=0:step1, id=3e55b9f0-f3fc-4709-ef22-2dd243abe809, jms_messageId=ID:Michaels-MacBook-Pro-3.local-56637-1490281492898-7:1:1:1:1, timestamp=1490281506216}]>
2017-03-23 10:05:06,217 DEBUG taskExecutor-1 [org.springframework.integration.aggregator.AggregatingMessageHandler] - <Handling message with correlationKey [0:step1]: GenericMessage [payload=StepExecution: id=3, version=3, name=step1-master:partition1, status=COMPLETED, exitStatus=COMPLETED, readCount=8, filterCount=0, writeCount=8 readSkipCount=0, writeSkipCount=0, processSkipCount=0, commitCount=1, rollbackCount=0, exitDescription=, headers={sequenceNumber=0, sequenceSize=2, jms_destination=temp-queue://ID:Michaels-MacBook-Pro-3.local-56637-1490281492898-7:2:1, priority=4, jms_timestamp=1490281506204, replyChannel=org.springframework.integration.channel.QueueChannel@6e832101, jms_redelivered=false, jms_replyTo=temp-queue://ID:Michaels-MacBook-Pro-3.local-56637-1490281492898-7:2:1, jms_correlationId=ID:Michaels-MacBook-Pro-3.local-56637-1490281492898-7:2:1:1:1, correlationId=0:step1, id=3e55b9f0-f3fc-4709-ef22-2dd243abe809, jms_messageId=ID:Michaels-MacBook-Pro-3.local-56637-1490281492898-7:1:1:1:1, timestamp=1490281506216}]>
2017-03-23 10:05:06,221 DEBUG taskExecutor-1 [org.springframework.integration.channel.DirectChannel] - <postSend (sent=true) on channel 'staging', message: GenericMessage [payload=StepExecution: id=3, version=3, name=step1-master:partition1, status=COMPLETED, exitStatus=COMPLETED, readCount=8, filterCount=0, writeCount=8 readSkipCount=0, writeSkipCount=0, processSkipCount=0, commitCount=1, rollbackCount=0, exitDescription=, headers={sequenceNumber=0, sequenceSize=2, jms_destination=temp-queue://ID:Michaels-MacBook-Pro-3.local-56637-1490281492898-7:2:1, priority=4, jms_timestamp=1490281506204, replyChannel=org.springframework.integration.channel.QueueChannel@6e832101, jms_redelivered=false, jms_replyTo=temp-queue://ID:Michaels-MacBook-Pro-3.local-56637-1490281492898-7:2:1, jms_correlationId=ID:Michaels-MacBook-Pro-3.local-56637-1490281492898-7:2:1:1:1, correlationId=0:step1, id=3e55b9f0-f3fc-4709-ef22-2dd243abe809, jms_messageId=ID:Michaels-MacBook-Pro-3.local-56637-1490281492898-7:1:1:1:1, timestamp=1490281506216}]>
2017-03-23 10:05:06,221 DEBUG taskExecutor-1 [org.springframework.integration.channel.QueueChannel] - <postReceive on channel 'requests', message: GenericMessage [payload=StepExecutionRequest: [jobExecutionId=0, stepExecutionId=2, stepName=step1], headers={sequenceNumber=1, replyChannel=org.springframework.integration.channel.QueueChannel@6e832101, correlationId=0:step1, id=1484abc9-07ac-a8d2-3fea-7570fc080f76, sequenceSize=2, timestamp=1490281506138}]>
2017-03-23 10:05:06,221 DEBUG taskExecutor-1 [org.springframework.integration.endpoint.PollingConsumer] - <Poll resulted in Message: GenericMessage [payload=StepExecutionRequest: [jobExecutionId=0, stepExecutionId=2, stepName=step1], headers={sequenceNumber=1, replyChannel=org.springframework.integration.channel.QueueChannel@6e832101, correlationId=0:step1, id=1484abc9-07ac-a8d2-3fea-7570fc080f76, sequenceSize=2, timestamp=1490281506138}]>
2017-03-23 10:05:06,221 DEBUG taskExecutor-1 [org.springframework.integration.jms.JmsOutboundGateway] - <org.springframework.integration.jms.JmsOutboundGateway#0 received message: GenericMessage [payload=StepExecutionRequest: [jobExecutionId=0, stepExecutionId=2, stepName=step1], headers={sequenceNumber=1, replyChannel=org.springframework.integration.channel.QueueChannel@6e832101, correlationId=0:step1, id=1484abc9-07ac-a8d2-3fea-7570fc080f76, sequenceSize=2, timestamp=1490281506138}]>
2017-03-23 10:05:06,231 DEBUG taskExecutor-1 [org.springframework.integration.jms.JmsOutboundGateway] - <ReplyTo: temp-queue://ID:Michaels-MacBook-Pro-3.local-56637-1490281492898-7:3:1>
2017-03-23 10:05:06,238 DEBUG org.springframework.integration.jms.JmsMessageDrivenEndpoint#0.container-1 [org.springframework.integration.jms.ChannelPublishingJmsMessageListener] - <converted JMS Message [ActiveMQObjectMessage {commandId = 7, responseRequired = true, messageId = ID:Michaels-MacBook-Pro-3.local-56637-1490281492898-7:3:1:1:1, originalDestination = null, originalTransactionId = null, producerId = ID:Michaels-MacBook-Pro-3.local-56637-1490281492898-7:3:1:1, destination = queue://requests, transactionId = null, expiration = 0, timestamp = 1490281506236, arrival = 0, brokerInTime = 1490281506236, brokerOutTime = 1490281506237, correlationId = null, replyTo = temp-queue://ID:Michaels-MacBook-Pro-3.local-56637-1490281492898-7:3:1, persistent = true, type = null, priority = 4, groupID = null, groupSequence = 0, targetConsumerId = null, compressed = false, userID = null, content = org.apache.activemq.util.ByteSequence@5497c85d, marshalledProperties = null, dataStructure = null, redeliveryCounter = 0, size = 1305, properties = {sequenceNumber=1, correlationId=0:step1, sequenceSize=2, timestamp=1490281506138}, readOnlyProperties = true, readOnlyBody = true, droppable = false, jmsXGroupFirstForConsumer = false}] to integration Message payload [StepExecutionRequest: [jobExecutionId=0, stepExecutionId=2, stepName=step1]]]]><![CDATA[>
2017-03-23 10:05:06,239 DEBUG org.springframework.integration.jms.JmsMessageDrivenEndpoint#0.container-1 [org.springframework.integration.channel.DirectChannel] - <preSend on channel 'worker', message: GenericMessage [payload=StepExecutionRequest: [jobExecutionId=0, stepExecutionId=2, stepName=step1], headers={sequenceNumber=1, errorChannel=org.springframework.messaging.core.GenericMessagingTemplate$TemporaryReplyChannel@5a503cbf, sequenceSize=2, jms_destination=queue://requests, priority=4, jms_timestamp=1490281506236, replyChannel=org.springframework.messaging.core.GenericMessagingTemplate$TemporaryReplyChannel@5a503cbf, jms_redelivered=false, jms_replyTo=temp-queue://ID:Michaels-MacBook-Pro-3.local-56637-1490281492898-7:3:1, correlationId=0:step1, id=3a273e3c-8bad-06bd-b51c-e6c7cd5667bf, jms_messageId=ID:Michaels-MacBook-Pro-3.local-56637-1490281492898-7:3:1:1:1, timestamp=1490281506239}]>
2017-03-23 10:05:06,239 DEBUG org.springframework.integration.jms.JmsMessageDrivenEndpoint#0.container-1 [org.springframework.integration.handler.ServiceActivatingHandler] - <ServiceActivator for [org.springframework.integration.handler.MethodInvokingMessageProcessor@1c20338b] (org.springframework.integration.config.ServiceActivatorFactoryBean#0) received message: GenericMessage [payload=StepExecutionRequest: [jobExecutionId=0, stepExecutionId=2, stepName=step1], headers={sequenceNumber=1, errorChannel=org.springframework.messaging.core.GenericMessagingTemplate$TemporaryReplyChannel@5a503cbf, sequenceSize=2, jms_destination=queue://requests, priority=4, jms_timestamp=1490281506236, replyChannel=org.springframework.messaging.core.GenericMessagingTemplate$TemporaryReplyChannel@5a503cbf, jms_redelivered=false, jms_replyTo=temp-queue://ID:Michaels-MacBook-Pro-3.local-56637-1490281492898-7:3:1, correlationId=0:step1, id=3a273e3c-8bad-06bd-b51c-e6c7cd5667bf, jms_messageId=ID:Michaels-MacBook-Pro-3.local-56637-1490281492898-7:3:1:1:1, timestamp=1490281506239}]>
2017-03-23 10:05:06,244 DEBUG org.springframework.integration.jms.JmsMessageDrivenEndpoint#0.container-1 [org.springframework.batch.core.step.AbstractStep] - <Executing: id=2>
2017-03-23 10:05:06,245 DEBUG org.springframework.integration.jms.JmsMessageDrivenEndpoint#0.container-1 [org.springframework.batch.core.scope.StepScope] - <Creating object in scope=step, name=scopedTarget.org.springframework.batch.integration.partition.ExampleItemReader#2c7d4517>
2017-03-23 10:05:06,246 DEBUG org.springframework.integration.jms.JmsMessageDrivenEndpoint#0.container-1 [org.springframework.batch.core.scope.context.StepContextRepeatCallback] - <Preparing chunk execution for StepContext: org.springframework.batch.core.scope.context.StepContext@6f6ec069>
2017-03-23 10:05:06,246 DEBUG org.springframework.integration.jms.JmsMessageDrivenEndpoint#0.container-1 [org.springframework.batch.core.scope.context.StepContextRepeatCallback] - <Chunk execution starting: queue size=0>
2017-03-23 10:05:06,247  INFO org.springframework.integration.jms.JmsMessageDrivenEndpoint#0.container-1 [org.springframework.batch.integration.partition.ExampleItemReader] - <Processing input index=0, item=Hello, in (org.springframework.batch.integration.partition.ExampleItemReader@542b521e)>
2017-03-23 10:05:06,247  INFO org.springframework.integration.jms.JmsMessageDrivenEndpoint#0.container-1 [org.springframework.batch.integration.partition.ExampleItemReader] - <Processing input index=1, item=world!, in (org.springframework.batch.integration.partition.ExampleItemReader@542b521e)>
2017-03-23 10:05:06,247  INFO org.springframework.integration.jms.JmsMessageDrivenEndpoint#0.container-1 [org.springframework.batch.integration.partition.ExampleItemReader] - <Processing input index=2, item=Go, in (org.springframework.batch.integration.partition.ExampleItemReader@542b521e)>
2017-03-23 10:05:06,247  INFO org.springframework.integration.jms.JmsMessageDrivenEndpoint#0.container-1 [org.springframework.batch.integration.partition.ExampleItemReader] - <Processing input index=3, item=on, in (org.springframework.batch.integration.partition.ExampleItemReader@542b521e)>
2017-03-23 10:05:06,247  INFO org.springframework.integration.jms.JmsMessageDrivenEndpoint#0.container-1 [org.springframework.batch.integration.partition.ExampleItemReader] - <Processing input index=4, item=punk, in (org.springframework.batch.integration.partition.ExampleItemReader@542b521e)>
2017-03-23 10:05:06,247  INFO org.springframework.integration.jms.JmsMessageDrivenEndpoint#0.container-1 [org.springframework.batch.integration.partition.ExampleItemReader] - <Processing input index=5, item=make, in (org.springframework.batch.integration.partition.ExampleItemReader@542b521e)>
2017-03-23 10:05:06,247  INFO org.springframework.integration.jms.JmsMessageDrivenEndpoint#0.container-1 [org.springframework.batch.integration.partition.ExampleItemReader] - <Processing input index=6, item=my, in (org.springframework.batch.integration.partition.ExampleItemReader@542b521e)>
2017-03-23 10:05:06,247  INFO org.springframework.integration.jms.JmsMessageDrivenEndpoint#0.container-1 [org.springframework.batch.integration.partition.ExampleItemReader] - <Processing input index=7, item=day!, in (org.springframework.batch.integration.partition.ExampleItemReader@542b521e)>
2017-03-23 10:05:06,247  INFO org.springframework.integration.jms.JmsMessageDrivenEndpoint#0.container-1 [org.springframework.batch.integration.partition.ExampleItemWriter] - <[Hello, world!, Go, on, punk, make, my, day!]>
2017-03-23 10:05:06,247 DEBUG org.springframework.integration.jms.JmsMessageDrivenEndpoint#0.container-1 [org.springframework.batch.core.step.item.ChunkOrientedTasklet] - <Inputs not busy, ended: true>
2017-03-23 10:05:06,248 DEBUG org.springframework.integration.jms.JmsMessageDrivenEndpoint#0.container-1 [org.springframework.batch.core.step.tasklet.TaskletStep] - <Applying contribution: [StepContribution: read=8, written=8, filtered=0, readSkips=0, writeSkips=0, processSkips=0, exitStatus=EXECUTING]>
2017-03-23 10:05:06,249 DEBUG org.springframework.integration.jms.JmsMessageDrivenEndpoint#0.container-1 [org.springframework.batch.core.step.tasklet.TaskletStep] - <Saving step execution before commit: StepExecution: id=2, version=1, name=step1-master:partition0, status=STARTED, exitStatus=EXECUTING, readCount=8, filterCount=0, writeCount=8 readSkipCount=0, writeSkipCount=0, processSkipCount=0, commitCount=1, rollbackCount=0, exitDescription=>
2017-03-23 10:05:06,250 DEBUG org.springframework.integration.jms.JmsMessageDrivenEndpoint#0.container-1 [org.springframework.batch.core.step.AbstractStep] - <Step execution success: id=2>
2017-03-23 10:05:06,252 DEBUG org.springframework.integration.jms.JmsMessageDrivenEndpoint#0.container-1 [org.springframework.batch.core.step.AbstractStep] - <Step execution complete: StepExecution: id=2, version=3, name=step1-master:partition0, status=COMPLETED, exitStatus=COMPLETED, readCount=8, filterCount=0, writeCount=8 readSkipCount=0, writeSkipCount=0, processSkipCount=0, commitCount=1, rollbackCount=0>
2017-03-23 10:05:06,252 DEBUG org.springframework.integration.jms.JmsMessageDrivenEndpoint#0.container-1 [org.springframework.integration.channel.DirectChannel] - <postSend (sent=true) on channel 'worker', message: GenericMessage [payload=StepExecutionRequest: [jobExecutionId=0, stepExecutionId=2, stepName=step1], headers={sequenceNumber=1, errorChannel=org.springframework.messaging.core.GenericMessagingTemplate$TemporaryReplyChannel@5a503cbf, sequenceSize=2, jms_destination=queue://requests, priority=4, jms_timestamp=1490281506236, replyChannel=org.springframework.messaging.core.GenericMessagingTemplate$TemporaryReplyChannel@5a503cbf, jms_redelivered=false, jms_replyTo=temp-queue://ID:Michaels-MacBook-Pro-3.local-56637-1490281492898-7:3:1, correlationId=0:step1, id=3a273e3c-8bad-06bd-b51c-e6c7cd5667bf, jms_messageId=ID:Michaels-MacBook-Pro-3.local-56637-1490281492898-7:3:1:1:1, timestamp=1490281506239}]>
2017-03-23 10:05:06,252 DEBUG org.springframework.integration.jms.JmsMessageDrivenEndpoint#0.container-1 [org.springframework.integration.jms.ChannelPublishingJmsMessageListener] - <Reply destination: temp-queue://ID:Michaels-MacBook-Pro-3.local-56637-1490281492898-7:3:1>
2017-03-23 10:05:06,257  WARN ActiveMQ VMTransport: vm://localhost#133-1 [org.apache.activemq.broker.region.Queue] - <temp-queue://ID:Michaels-MacBook-Pro-3.local-56637-1490281492898-7:3:1 after purge of 1 messages, message count stats report: 1>
2017-03-23 10:05:06,262 DEBUG taskExecutor-1 [org.springframework.integration.jms.JmsOutboundGateway] - <converted JMS Message [ActiveMQObjectMessage {commandId = 15, responseRequired = false, messageId = ID:Michaels-MacBook-Pro-3.local-56637-1490281492898-7:1:2:1:1, originalDestination = null, originalTransactionId = null, producerId = ID:Michaels-MacBook-Pro-3.local-56637-1490281492898-7:1:2:1, destination = temp-queue://ID:Michaels-MacBook-Pro-3.local-56637-1490281492898-7:3:1, transactionId = TX:ID:Michaels-MacBook-Pro-3.local-56637-1490281492898-7:1:2, expiration = 0, timestamp = 1490281506255, arrival = 0, brokerInTime = 1490281506255, brokerOutTime = 1490281506256, correlationId = ID:Michaels-MacBook-Pro-3.local-56637-1490281492898-7:3:1:1:1, replyTo = temp-queue://ID:Michaels-MacBook-Pro-3.local-56637-1490281492898-7:3:1, persistent = true, type = null, priority = 4, groupID = null, groupSequence = 0, targetConsumerId = null, compressed = false, userID = null, content = org.apache.activemq.util.ByteSequence@5e68cf63, marshalledProperties = null, dataStructure = null, redeliveryCounter = 0, size = 5879, properties = {sequenceNumber=1, correlationId=0:step1, priority=4, sequenceSize=2, timestamp=1490281506252}, readOnlyProperties = true, readOnlyBody = true, droppable = false, jmsXGroupFirstForConsumer = false}] to integration Message payload [StepExecution: id=2, version=3, name=step1-master:partition0, status=COMPLETED, exitStatus=COMPLETED, readCount=8, filterCount=0, writeCount=8 readSkipCount=0, writeSkipCount=0, processSkipCount=0, commitCount=1, rollbackCount=0, exitDescription=]>
2017-03-23 10:05:06,262 DEBUG taskExecutor-1 [org.springframework.integration.channel.DirectChannel] - <preSend on channel 'staging', message: GenericMessage [payload=StepExecution: id=2, version=3, name=step1-master:partition0, status=COMPLETED, exitStatus=COMPLETED, readCount=8, filterCount=0, writeCount=8 readSkipCount=0, writeSkipCount=0, processSkipCount=0, commitCount=1, rollbackCount=0, exitDescription=, headers={sequenceNumber=1, sequenceSize=2, jms_destination=temp-queue://ID:Michaels-MacBook-Pro-3.local-56637-1490281492898-7:3:1, priority=4, jms_timestamp=1490281506255, replyChannel=org.springframework.integration.channel.QueueChannel@6e832101, jms_redelivered=false, jms_replyTo=temp-queue://ID:Michaels-MacBook-Pro-3.local-56637-1490281492898-7:3:1, jms_correlationId=ID:Michaels-MacBook-Pro-3.local-56637-1490281492898-7:3:1:1:1, correlationId=0:step1, id=dc92a7aa-72c8-6548-c2e7-1bae42129397, jms_messageId=ID:Michaels-MacBook-Pro-3.local-56637-1490281492898-7:1:2:1:1, timestamp=1490281506262}]>
2017-03-23 10:05:06,263 DEBUG taskExecutor-1 [org.springframework.integration.aggregator.AggregatingMessageHandler] - <org.springframework.integration.config.AggregatorFactoryBean#0 received message: GenericMessage [payload=StepExecution: id=2, version=3, name=step1-master:partition0, status=COMPLETED, exitStatus=COMPLETED, readCount=8, filterCount=0, writeCount=8 readSkipCount=0, writeSkipCount=0, processSkipCount=0, commitCount=1, rollbackCount=0, exitDescription=, headers={sequenceNumber=1, sequenceSize=2, jms_destination=temp-queue://ID:Michaels-MacBook-Pro-3.local-56637-1490281492898-7:3:1, priority=4, jms_timestamp=1490281506255, replyChannel=org.springframework.integration.channel.QueueChannel@6e832101, jms_redelivered=false, jms_replyTo=temp-queue://ID:Michaels-MacBook-Pro-3.local-56637-1490281492898-7:3:1, jms_correlationId=ID:Michaels-MacBook-Pro-3.local-56637-1490281492898-7:3:1:1:1, correlationId=0:step1, id=dc92a7aa-72c8-6548-c2e7-1bae42129397, jms_messageId=ID:Michaels-MacBook-Pro-3.local-56637-1490281492898-7:1:2:1:1, timestamp=1490281506262}]>
2017-03-23 10:05:06,263 DEBUG taskExecutor-1 [org.springframework.integration.aggregator.AggregatingMessageHandler] - <Handling message with correlationKey [0:step1]: GenericMessage [payload=StepExecution: id=2, version=3, name=step1-master:partition0, status=COMPLETED, exitStatus=COMPLETED, readCount=8, filterCount=0, writeCount=8 readSkipCount=0, writeSkipCount=0, processSkipCount=0, commitCount=1, rollbackCount=0, exitDescription=, headers={sequenceNumber=1, sequenceSize=2, jms_destination=temp-queue://ID:Michaels-MacBook-Pro-3.local-56637-1490281492898-7:3:1, priority=4, jms_timestamp=1490281506255, replyChannel=org.springframework.integration.channel.QueueChannel@6e832101, jms_redelivered=false, jms_replyTo=temp-queue://ID:Michaels-MacBook-Pro-3.local-56637-1490281492898-7:3:1, jms_correlationId=ID:Michaels-MacBook-Pro-3.local-56637-1490281492898-7:3:1:1:1, correlationId=0:step1, id=dc92a7aa-72c8-6548-c2e7-1bae42129397, jms_messageId=ID:Michaels-MacBook-Pro-3.local-56637-1490281492898-7:1:2:1:1, timestamp=1490281506262}]>
2017-03-23 10:05:06,263 DEBUG taskExecutor-1 [org.springframework.integration.aggregator.AggregatingMessageHandler] - <Completing group with correlationKey [0:step1]>
2017-03-23 10:05:06,264 DEBUG taskExecutor-1 [org.springframework.integration.aggregator.MethodInvokingMessageGroupProcessor] - <Excluding header 'jms_replyTo' upon aggregation due to conflict(s) in MessageGroup with correlation key: 0:step1>
2017-03-23 10:05:06,264 DEBUG taskExecutor-1 [org.springframework.integration.aggregator.MethodInvokingMessageGroupProcessor] - <Excluding header 'jms_destination' upon aggregation due to conflict(s) in MessageGroup with correlation key: 0:step1>
2017-03-23 10:05:06,264 DEBUG taskExecutor-1 [org.springframework.integration.aggregator.MethodInvokingMessageGroupProcessor] - <Excluding header 'jms_correlationId' upon aggregation due to conflict(s) in MessageGroup with correlation key: 0:step1>
2017-03-23 10:05:06,264 DEBUG taskExecutor-1 [org.springframework.integration.aggregator.MethodInvokingMessageGroupProcessor] - <Excluding header 'jms_timestamp' upon aggregation due to conflict(s) in MessageGroup with correlation key: 0:step1>
2017-03-23 10:05:06,264 DEBUG taskExecutor-1 [org.springframework.integration.aggregator.MethodInvokingMessageGroupProcessor] - <Excluding header 'jms_messageId' upon aggregation due to conflict(s) in MessageGroup with correlation key: 0:step1>
2017-03-23 10:05:06,270 DEBUG taskExecutor-1 [org.springframework.integration.channel.QueueChannel] - <preSend on channel 'org.springframework.integration.channel.QueueChannel@6e832101', message: GenericMessage [payload=[StepExecution: id=3, version=3, name=step1-master:partition1, status=COMPLETED, exitStatus=COMPLETED, readCount=8, filterCount=0, writeCount=8 readSkipCount=0, writeSkipCount=0, processSkipCount=0, commitCount=1, rollbackCount=0, exitDescription=, StepExecution: id=2, version=3, name=step1-master:partition0, status=COMPLETED, exitStatus=COMPLETED, readCount=8, filterCount=0, writeCount=8 readSkipCount=0, writeSkipCount=0, processSkipCount=0, commitCount=1, rollbackCount=0, exitDescription=], headers={sequenceNumber=1, sequenceSize=2, jms_destination=temp-queue://ID:Michaels-MacBook-Pro-3.local-56637-1490281492898-7:3:1, priority=4, jms_timestamp=1490281506255, replyChannel=org.springframework.integration.channel.QueueChannel@6e832101, jms_redelivered=false, jms_replyTo=temp-queue://ID:Michaels-MacBook-Pro-3.local-56637-1490281492898-7:3:1, jms_correlationId=ID:Michaels-MacBook-Pro-3.local-56637-1490281492898-7:3:1:1:1, correlationId=0:step1, id=baa00911-bfd3-1e1f-6a3f-292a12262553, jms_messageId=ID:Michaels-MacBook-Pro-3.local-56637-1490281492898-7:1:2:1:1, timestamp=1490281506270}]>
2017-03-23 10:05:06,271 DEBUG taskExecutor-1 [org.springframework.integration.channel.QueueChannel] - <postSend (sent=true) on channel 'org.springframework.integration.channel.QueueChannel@6e832101', message: GenericMessage [payload=[StepExecution: id=3, version=3, name=step1-master:partition1, status=COMPLETED, exitStatus=COMPLETED, readCount=8, filterCount=0, writeCount=8 readSkipCount=0, writeSkipCount=0, processSkipCount=0, commitCount=1, rollbackCount=0, exitDescription=, StepExecution: id=2, version=3, name=step1-master:partition0, status=COMPLETED, exitStatus=COMPLETED, readCount=8, filterCount=0, writeCount=8 readSkipCount=0, writeSkipCount=0, processSkipCount=0, commitCount=1, rollbackCount=0, exitDescription=], headers={sequenceNumber=1, sequenceSize=2, jms_destination=temp-queue://ID:Michaels-MacBook-Pro-3.local-56637-1490281492898-7:3:1, priority=4, jms_timestamp=1490281506255, replyChannel=org.springframework.integration.channel.QueueChannel@6e832101, jms_redelivered=false, jms_replyTo=temp-queue://ID:Michaels-MacBook-Pro-3.local-56637-1490281492898-7:3:1, jms_correlationId=ID:Michaels-MacBook-Pro-3.local-56637-1490281492898-7:3:1:1:1, correlationId=0:step1, id=baa00911-bfd3-1e1f-6a3f-292a12262553, jms_messageId=ID:Michaels-MacBook-Pro-3.local-56637-1490281492898-7:1:2:1:1, timestamp=1490281506270}]>
2017-03-23 10:05:06,271 DEBUG Test worker [org.springframework.integration.channel.QueueChannel] - <postReceive on channel 'org.springframework.integration.channel.QueueChannel@6e832101', message: GenericMessage [payload=[StepExecution: id=3, version=3, name=step1-master:partition1, status=COMPLETED, exitStatus=COMPLETED, readCount=8, filterCount=0, writeCount=8 readSkipCount=0, writeSkipCount=0, processSkipCount=0, commitCount=1, rollbackCount=0, exitDescription=, StepExecution: id=2, version=3, name=step1-master:partition0, status=COMPLETED, exitStatus=COMPLETED, readCount=8, filterCount=0, writeCount=8 readSkipCount=0, writeSkipCount=0, processSkipCount=0, commitCount=1, rollbackCount=0, exitDescription=], headers={sequenceNumber=1, sequenceSize=2, jms_destination=temp-queue://ID:Michaels-MacBook-Pro-3.local-56637-1490281492898-7:3:1, priority=4, jms_timestamp=1490281506255, replyChannel=org.springframework.integration.channel.QueueChannel@6e832101, jms_redelivered=false, jms_replyTo=temp-queue://ID:Michaels-MacBook-Pro-3.local-56637-1490281492898-7:3:1, jms_correlationId=ID:Michaels-MacBook-Pro-3.local-56637-1490281492898-7:3:1:1:1, correlationId=0:step1, id=baa00911-bfd3-1e1f-6a3f-292a12262553, jms_messageId=ID:Michaels-MacBook-Pro-3.local-56637-1490281492898-7:1:2:1:1, timestamp=1490281506270}]>
2017-03-23 10:05:06,271 DEBUG taskExecutor-1 [org.springframework.integration.channel.DirectChannel] - <postSend (sent=true) on channel 'staging', message: GenericMessage [payload=StepExecution: id=2, version=3, name=step1-master:partition0, status=COMPLETED, exitStatus=COMPLETED, readCount=8, filterCount=0, writeCount=8 readSkipCount=0, writeSkipCount=0, processSkipCount=0, commitCount=1, rollbackCount=0, exitDescription=, headers={sequenceNumber=1, sequenceSize=2, jms_destination=temp-queue://ID:Michaels-MacBook-Pro-3.local-56637-1490281492898-7:3:1, priority=4, jms_timestamp=1490281506255, replyChannel=org.springframework.integration.channel.QueueChannel@6e832101, jms_redelivered=false, jms_replyTo=temp-queue://ID:Michaels-MacBook-Pro-3.local-56637-1490281492898-7:3:1, jms_correlationId=ID:Michaels-MacBook-Pro-3.local-56637-1490281492898-7:3:1:1:1, correlationId=0:step1, id=dc92a7aa-72c8-6548-c2e7-1bae42129397, jms_messageId=ID:Michaels-MacBook-Pro-3.local-56637-1490281492898-7:1:2:1:1, timestamp=1490281506262}]>
2017-03-23 10:05:06,271 DEBUG Test worker [org.springframework.batch.integration.partition.MessageChannelPartitionHandler] - <Received replies: GenericMessage [payload=[StepExecution: id=3, version=3, name=step1-master:partition1, status=COMPLETED, exitStatus=COMPLETED, readCount=8, filterCount=0, writeCount=8 readSkipCount=0, writeSkipCount=0, processSkipCount=0, commitCount=1, rollbackCount=0, exitDescription=, StepExecution: id=2, version=3, name=step1-master:partition0, status=COMPLETED, exitStatus=COMPLETED, readCount=8, filterCount=0, writeCount=8 readSkipCount=0, writeSkipCount=0, processSkipCount=0, commitCount=1, rollbackCount=0, exitDescription=], headers={sequenceNumber=1, sequenceSize=2, jms_destination=temp-queue://ID:Michaels-MacBook-Pro-3.local-56637-1490281492898-7:3:1, priority=4, jms_timestamp=1490281506255, replyChannel=org.springframework.integration.channel.QueueChannel@6e832101, jms_redelivered=false, jms_replyTo=temp-queue://ID:Michaels-MacBook-Pro-3.local-56637-1490281492898-7:3:1, jms_correlationId=ID:Michaels-MacBook-Pro-3.local-56637-1490281492898-7:3:1:1:1, correlationId=0:step1, id=baa00911-bfd3-1e1f-6a3f-292a12262553, jms_messageId=ID:Michaels-MacBook-Pro-3.local-56637-1490281492898-7:1:2:1:1, timestamp=1490281506270}]>
2017-03-23 10:05:06,271 DEBUG Test worker [org.springframework.batch.core.step.AbstractStep] - <Step execution success: id=1>
2017-03-23 10:05:06,275 DEBUG Test worker [org.springframework.batch.core.step.AbstractStep] - <Step execution complete: StepExecution: id=1, version=2, name=step1-master, status=COMPLETED, exitStatus=COMPLETED, readCount=16, filterCount=0, writeCount=16 readSkipCount=0, writeSkipCount=0, processSkipCount=0, commitCount=2, rollbackCount=0>
2017-03-23 10:05:06,276 DEBUG Test worker [org.springframework.batch.core.job.flow.support.SimpleFlow] - <Completed state=job1.step1-master with status=COMPLETED>
2017-03-23 10:05:06,276 DEBUG Test worker [org.springframework.batch.core.job.flow.support.SimpleFlow] - <Handling state=job1.end19>
2017-03-23 10:05:06,276 DEBUG Test worker [org.springframework.batch.core.job.flow.support.SimpleFlow] - <Completed state=job1.end19 with status=COMPLETED>
2017-03-23 10:05:06,276 DEBUG Test worker [org.springframework.batch.core.job.AbstractJob] - <Job execution complete: JobExecution: id=0, version=1, startTime=Thu Mar 23 10:05:06 CDT 2017, endTime=null, lastUpdated=Thu Mar 23 10:05:06 CDT 2017, status=COMPLETED, exitStatus=exitCode=COMPLETED;exitDescription=, job=[JobInstance: id=0, version=0, Job=[job1]], jobParameters=[{}]>
2017-03-23 10:05:06,279  INFO Test worker [org.springframework.batch.core.launch.support.SimpleJobLauncher] - <Job: [FlowJob: [name=job1]] completed with the following parameters: [{}] and the following status: [COMPLETED]>
2017-03-23 10:05:06,290 DEBUG Test worker [org.springframework.batch.integration.partition.JmsIntegrationTests] - <StepExecution: id=3, version=3, name=step1-master:partition1, status=COMPLETED, exitStatus=COMPLETED, readCount=8, filterCount=0, writeCount=8 readSkipCount=0, writeSkipCount=0, processSkipCount=0, commitCount=1, rollbackCount=0, exitDescription=>
2017-03-23 10:05:06,295 DEBUG Test worker [org.springframework.batch.integration.partition.JmsIntegrationTests] - <StepExecution: id=2, version=3, name=step1-master:partition0, status=COMPLETED, exitStatus=COMPLETED, readCount=8, filterCount=0, writeCount=8 readSkipCount=0, writeSkipCount=0, processSkipCount=0, commitCount=1, rollbackCount=0, exitDescription=>
2017-03-23 10:05:06,301 DEBUG Test worker [org.springframework.batch.integration.partition.JmsIntegrationTests] - <StepExecution: id=1, version=2, name=step1-master, status=COMPLETED, exitStatus=COMPLETED, readCount=16, filterCount=0, writeCount=16 readSkipCount=0, writeSkipCount=0, processSkipCount=0, commitCount=2, rollbackCount=0, exitDescription=>
2017-03-23 10:05:06,303  INFO Test worker [org.springframework.context.support.GenericApplicationContext] - <Closing org.springframework.context.support.GenericApplicationContext@18d55d31: startup date [Thu Mar 23 10:05:05 CDT 2017]; root of context hierarchy>
2017-03-23 10:05:06,304  INFO Test worker [org.springframework.context.support.DefaultLifecycleProcessor] - <Stopping beans in phase 2147483647>
2017-03-23 10:05:06,304  INFO Test worker [org.springframework.integration.jms.ChannelPublishingJmsMessageListener$GatewayDelegate] - <stopped org.springframework.integration.jms.ChannelPublishingJmsMessageListener$GatewayDelegate@78930484>
2017-03-23 10:05:06,304  INFO Test worker [org.springframework.integration.jms.JmsMessageDrivenEndpoint] - <stopped org.springframework.integration.jms.JmsMessageDrivenEndpoint#0>
2017-03-23 10:05:06,304  INFO Test worker [org.springframework.context.support.DefaultLifecycleProcessor] - <Stopping beans in phase 1073741823>
2017-03-23 10:05:06,304  INFO Test worker [org.springframework.integration.endpoint.PollingConsumer] - <stopped org.springframework.integration.config.ConsumerEndpointFactoryBean#0>
2017-03-23 10:05:06,305  INFO Test worker [org.springframework.context.support.DefaultLifecycleProcessor] - <Stopping beans in phase 0>
2017-03-23 10:05:06,305  INFO Test worker [org.springframework.integration.endpoint.EventDrivenConsumer] - <Removing {service-activator} as a subscriber to the 'worker' channel>
2017-03-23 10:05:06,305  INFO Test worker [org.springframework.integration.channel.DirectChannel] - <Channel 'org.springframework.context.support.GenericApplicationContext@18d55d31.worker' has 0 subscriber(s).>
2017-03-23 10:05:06,305  INFO Test worker [org.springframework.integration.endpoint.EventDrivenConsumer] - <stopped org.springframework.integration.config.ConsumerEndpointFactoryBean#1>
2017-03-23 10:05:06,305  INFO Test worker [org.springframework.integration.endpoint.EventDrivenConsumer] - <Removing {aggregator} as a subscriber to the 'staging' channel>
2017-03-23 10:05:06,305  INFO Test worker [org.springframework.integration.channel.DirectChannel] - <Channel 'org.springframework.context.support.GenericApplicationContext@18d55d31.staging' has 0 subscriber(s).>
2017-03-23 10:05:06,305  INFO Test worker [org.springframework.integration.endpoint.EventDrivenConsumer] - <stopped org.springframework.integration.config.ConsumerEndpointFactoryBean#2>
2017-03-23 10:05:06,305  INFO Test worker [org.springframework.integration.endpoint.EventDrivenConsumer] - <Removing {logging-channel-adapter:_org.springframework.integration.errorLogger} as a subscriber to the 'errorChannel' channel>
2017-03-23 10:05:06,305  INFO Test worker [org.springframework.integration.channel.PublishSubscribeChannel] - <Channel 'org.springframework.context.support.GenericApplicationContext@18d55d31.errorChannel' has 0 subscriber(s).>
2017-03-23 10:05:06,305  INFO Test worker [org.springframework.integration.endpoint.EventDrivenConsumer] - <stopped _org.springframework.integration.errorLogger>
2017-03-23 10:05:06,315 DEBUG task-scheduler-5 [org.springframework.integration.endpoint.PollingConsumer] - <Received no Message during the poll, returning 'false'>
2017-03-23 10:05:06,599 DEBUG task-scheduler-7 [org.springframework.integration.endpoint.PollingConsumer] - <Received no Message during the poll, returning 'false'>
2017-03-23 10:05:07,263 DEBUG taskExecutor-1 [org.springframework.integration.endpoint.PollingConsumer] - <Received no Message during the poll, returning 'false'>
2017-03-23 10:05:07,263 DEBUG taskExecutor-2 [org.springframework.integration.endpoint.PollingConsumer] - <Received no Message during the poll, returning 'false'>
]]></system-out>
  <system-err><![CDATA[]]></system-err>
</testsuite>
